2016-04-16T23:01:34,033 INFO [main] io.druid.guice.PropertiesModule - Loading properties from common.runtime.properties
2016-04-16T23:01:34,038 INFO [main] io.druid.guice.PropertiesModule - Loading properties from runtime.properties
2016-04-16T23:01:34,093 INFO [main] org.hibernate.validator.internal.util.Version - HV000001: Hibernate Validator 5.1.3.Final
2016-04-16T23:01:34,827 INFO [main] io.druid.guice.JsonConfigurator - Loaded class[class io.druid.guice.ExtensionsConfig] from props[druid.extensions.] as [ExtensionsConfig{searchCurrentClassloader=true, directory='extensions', hadoopDependenciesDir='hadoop-dependencies', loadList=[druid-namespace-lookup, mysql-metadata-storage]}]
2016-04-16T23:01:34,834 INFO [main] io.druid.initialization.Initialization - Loading extension [druid-namespace-lookup] for class [io.druid.cli.CliCommandCreator]
2016-04-16T23:01:34,845 INFO [main] io.druid.initialization.Initialization - added URL[file:/opt/druid/extensions/druid-namespace-lookup/druid-namespace-lookup-0.9.0.jar]
2016-04-16T23:01:34,846 INFO [main] io.druid.initialization.Initialization - Loading extension [mysql-metadata-storage] for class [io.druid.cli.CliCommandCreator]
2016-04-16T23:01:34,846 INFO [main] io.druid.initialization.Initialization - added URL[file:/opt/druid/extensions/mysql-metadata-storage/mysql-connector-java-5.1.34.jar]
2016-04-16T23:01:34,846 INFO [main] io.druid.initialization.Initialization - added URL[file:/opt/druid/extensions/mysql-metadata-storage/mysql-metadata-storage-0.9.0.jar]
2016-04-16T23:01:35,029 INFO [main] io.druid.initialization.Initialization - Loading extension [druid-namespace-lookup] for class [io.druid.initialization.DruidModule]
2016-04-16T23:01:35,032 INFO [main] io.druid.initialization.Initialization - Adding local file system extension module [io.druid.server.namespace.NamespacedExtractionModule] for class [io.druid.initialization.DruidModule]
2016-04-16T23:01:35,033 INFO [main] io.druid.initialization.Initialization - Loading extension [mysql-metadata-storage] for class [io.druid.initialization.DruidModule]
2016-04-16T23:01:35,035 INFO [main] io.druid.initialization.Initialization - Adding local file system extension module [io.druid.metadata.storage.mysql.MySQLMetadataStorageModule] for class [io.druid.initialization.DruidModule]
2016-04-16T23:01:35,850 INFO [main] io.druid.guice.JsonConfigurator - Loaded class[class com.metamx.emitter.core.LoggingEmitterConfig] from props[druid.emitter.logging.] as [LoggingEmitterConfig{loggerClass='com.metamx.emitter.core.LoggingEmitter', logLevel='info'}]
2016-04-16T23:01:35,920 INFO [main] io.druid.guice.JsonConfigurator - Loaded class[class io.druid.server.metrics.DruidMonitorSchedulerConfig] from props[druid.monitoring.] as [io.druid.server.metrics.DruidMonitorSchedulerConfig@3a095ec0]
2016-04-16T23:01:35,933 INFO [main] io.druid.guice.JsonConfigurator - Loaded class[class io.druid.server.metrics.MonitorsConfig] from props[druid.monitoring.] as [MonitorsConfig{monitors=[class com.metamx.metrics.JvmMonitor]}]
2016-04-16T23:01:35,966 INFO [main] io.druid.guice.JsonConfigurator - Loaded class[class io.druid.server.DruidNode] from props[druid.] as [DruidNode{serviceName='druid/middleManager', host='middle_manager', port=8100}]
2016-04-16T23:01:35,971 INFO [main] io.druid.server.metrics.MetricsModule - Adding monitor[com.metamx.metrics.JvmMonitor@7578e06a]
2016-04-16T23:01:35,987 INFO [main] io.druid.guice.JsonConfigurator - Loaded class[class io.druid.server.log.StartupLoggingConfig] from props[druid.startup.logging.] as [io.druid.server.log.StartupLoggingConfig@76954a33]
2016-04-16T23:01:35,989 INFO [main] io.druid.cli.CliPeon - Starting up with processors[4], memory[174,587,904].
2016-04-16T23:01:35,992 INFO [main] io.druid.cli.CliPeon - * awt.toolkit: sun.awt.X11.XToolkit
2016-04-16T23:01:35,993 INFO [main] io.druid.cli.CliPeon - * druid.emitter: logging
2016-04-16T23:01:35,993 INFO [main] io.druid.cli.CliPeon - * druid.emitter.logging.logLevel: info
2016-04-16T23:01:35,994 INFO [main] io.druid.cli.CliPeon - * druid.extensions.loadList: ["druid-namespace-lookup", "mysql-metadata-storage"]
2016-04-16T23:01:35,996 INFO [main] io.druid.cli.CliPeon - * druid.host: middle_manager
2016-04-16T23:01:35,996 INFO [main] io.druid.cli.CliPeon - * druid.indexer.logs.directory: var/druid/indexing-logs
2016-04-16T23:01:35,997 INFO [main] io.druid.cli.CliPeon - * druid.indexer.logs.type: file
2016-04-16T23:01:35,997 INFO [main] io.druid.cli.CliPeon - * druid.indexer.runner.javaOpts: -server -Xmx2g -Duser.timezone=UTC -Dfile.encoding=UTF-8 -Djava.util.logging.manager=org.apache.logging.log4j.jul.LogManager
2016-04-16T23:01:35,997 INFO [main] io.druid.cli.CliPeon - * druid.indexer.task.baseTaskDir: var/druid/task
2016-04-16T23:01:35,997 INFO [main] io.druid.cli.CliPeon - * druid.indexer.task.defaultHadoopCoordinates: ["org.apache.hadoop:hadoop-client:2.3.0"]
2016-04-16T23:01:35,998 INFO [main] io.druid.cli.CliPeon - * druid.indexer.task.hadoopWorkingPath: var/druid/hadoop-tmp
2016-04-16T23:01:35,998 INFO [main] io.druid.cli.CliPeon - * druid.metadata.storage.connector.connectURI: jdbc:mysql://mysql:3306/druid
2016-04-16T23:01:35,998 INFO [main] io.druid.cli.CliPeon - * druid.metadata.storage.connector.password: root
2016-04-16T23:01:35,998 INFO [main] io.druid.cli.CliPeon - * druid.metadata.storage.connector.user: root
2016-04-16T23:01:35,999 INFO [main] io.druid.cli.CliPeon - * druid.metadata.storage.type: mysql
2016-04-16T23:01:35,999 INFO [main] io.druid.cli.CliPeon - * druid.metrics.emitter.dimension.dataSource: wikiticker
2016-04-16T23:01:36,000 INFO [main] io.druid.cli.CliPeon - * druid.metrics.emitter.dimension.taskId: index_wikiticker_2016-04-16T23:01:32.299Z
2016-04-16T23:01:36,000 INFO [main] io.druid.cli.CliPeon - * druid.monitoring.monitors: ["com.metamx.metrics.JvmMonitor"]
2016-04-16T23:01:36,001 INFO [main] io.druid.cli.CliPeon - * druid.port: 8100
2016-04-16T23:01:36,001 INFO [main] io.druid.cli.CliPeon - * druid.processing.buffer.sizeBytes: 256000000
2016-04-16T23:01:36,001 INFO [main] io.druid.cli.CliPeon - * druid.processing.numThreads: 2
2016-04-16T23:01:36,001 INFO [main] io.druid.cli.CliPeon - * druid.selectors.coordinator.serviceName: druid/coordinator
2016-04-16T23:01:36,001 INFO [main] io.druid.cli.CliPeon - * druid.selectors.indexing.serviceName: druid/overlord
2016-04-16T23:01:36,003 INFO [main] io.druid.cli.CliPeon - * druid.server.http.numThreads: 8
2016-04-16T23:01:36,003 INFO [main] io.druid.cli.CliPeon - * druid.service: druid/middleManager
2016-04-16T23:01:36,003 INFO [main] io.druid.cli.CliPeon - * druid.startup.logging.logProperties: true
2016-04-16T23:01:36,003 INFO [main] io.druid.cli.CliPeon - * druid.storage.storageDirectory: var/druid/segments
2016-04-16T23:01:36,003 INFO [main] io.druid.cli.CliPeon - * druid.storage.type: local
2016-04-16T23:01:36,004 INFO [main] io.druid.cli.CliPeon - * druid.worker.capacity: 3
2016-04-16T23:01:36,004 INFO [main] io.druid.cli.CliPeon - * druid.zk.paths.base: /druid
2016-04-16T23:01:36,004 INFO [main] io.druid.cli.CliPeon - * druid.zk.service.host: zookeeper
2016-04-16T23:01:36,005 INFO [main] io.druid.cli.CliPeon - * file.encoding: UTF-8
2016-04-16T23:01:36,005 INFO [main] io.druid.cli.CliPeon - * file.encoding.pkg: sun.io
2016-04-16T23:01:36,005 INFO [main] io.druid.cli.CliPeon - * file.separator: /
2016-04-16T23:01:36,006 INFO [main] io.druid.cli.CliPeon - * java.awt.graphicsenv: sun.awt.X11GraphicsEnvironment
2016-04-16T23:01:36,006 INFO [main] io.druid.cli.CliPeon - * java.awt.printerjob: sun.print.PSPrinterJob
2016-04-16T23:01:36,007 INFO [main] io.druid.cli.CliPeon - * java.class.path: conf/druid/_common:conf/druid/middleManager:lib/aether-api-0.9.0.M2.jar:lib/jetty-security-9.2.5.v20141112.jar:lib/aws-java-sdk-cloudwatchmetrics-1.10.21.jar:lib/jersey-guice-1.19.jar:lib/aws-java-sdk-cloudsearch-1.10.21.jar:lib/icu4j-4.8.1.jar:lib/aws-java-sdk-elasticloadbalancing-1.10.21.jar:lib/maven-repository-metadata-3.1.1.jar:lib/aws-java-sdk-cloudwatch-1.10.21.jar:lib/aws-java-sdk-directconnect-1.10.21.jar:lib/jackson-datatype-joda-2.4.6.jar:lib/aws-java-sdk-codepipeline-1.10.21.jar:lib/aws-java-sdk-cognitosync-1.10.21.jar:lib/curator-framework-2.9.1.jar:lib/extendedset-1.3.9.jar:lib/aws-java-sdk-cloudfront-1.10.21.jar:lib/druid-indexing-service-0.9.0.jar:lib/aether-connector-okhttp-0.0.9.jar:lib/aws-java-sdk-rds-1.10.21.jar:lib/http-client-1.0.4.jar:lib/jboss-logging-3.1.3.GA.jar:lib/aws-java-sdk-elastictranscoder-1.10.21.jar:lib/opencsv-2.3.jar:lib/javax.el-3.0.0.jar:lib/jackson-jaxrs-json-provider-2.4.6.jar:lib/derbyclient-10.11.1.1.jar:lib/commons-cli-1.2.jar:lib/aws-java-sdk-datapipeline-1.10.21.jar:lib/classmate-1.0.0.jar:lib/aws-java-sdk-elasticache-1.10.21.jar:lib/guice-4.0-beta.jar:lib/jetty-servlets-9.2.5.v20141112.jar:lib/bytebuffer-collections-0.2.4.jar:lib/druid-api-0.3.16.jar:lib/aether-connector-file-0.9.0.M2.jar:lib/druid-server-0.9.0.jar:lib/aws-java-sdk-workspaces-1.10.21.jar:lib/commons-pool-1.6.jar:lib/commons-logging-1.1.1.jar:lib/maven-model-3.1.1.jar:lib/plexus-utils-3.0.15.jar:lib/jetty-io-9.2.5.v20141112.jar:lib/emitter-0.3.6.jar:lib/aws-java-sdk-support-1.10.21.jar:lib/commons-io-2.4.jar:lib/aws-java-sdk-dynamodb-1.10.21.jar:lib/maxminddb-0.2.0.jar:lib/aws-java-sdk-directory-1.10.21.jar:lib/curator-client-2.9.1.jar:lib/httpcore-4.4.3.jar:lib/aws-java-sdk-cloudhsm-1.10.21.jar:lib/tesla-aether-0.0.5.jar:lib/commons-pool2-2.2.jar:lib/jsr311-api-1.1.1.jar:lib/aws-java-sdk-1.10.21.jar:lib/okhttp-1.0.2.jar:lib/jersey-server-1.19.jar:lib/aether-impl-0.9.0.M2.jar:lib/jackson-annotations-2.4.6.jar:lib/aws-java-sdk-importexport-1.10.21.jar:lib/jackson-mapper-asl-1.9.13.jar:lib/jetty-continuation-9.2.5.v20141112.jar:lib/mapdb-1.0.8.jar:lib/druid-services-0.9.0.jar:lib/spymemcached-2.11.7.jar:lib/protobuf-java-2.5.0.jar:lib/aws-java-sdk-codedeploy-1.10.21.jar:lib/lz4-1.3.0.jar:lib/druid-aws-common-0.9.0.jar:lib/curator-x-discovery-2.9.1.jar:lib/aws-java-sdk-s3-1.10.21.jar:lib/hibernate-validator-5.1.3.Final.jar:lib/aws-java-sdk-cognitoidentity-1.10.21.jar:lib/log4j-slf4j-impl-2.5.jar:lib/aws-java-sdk-elasticbeanstalk-1.10.21.jar:lib/aether-util-0.9.0.M2.jar:lib/aws-java-sdk-kms-1.10.21.jar:lib/xpp3-1.1.4c.jar:lib/google-http-client-1.15.0-rc.jar:lib/jackson-jaxrs-base-2.4.6.jar:lib/aws-java-sdk-iam-1.10.21.jar:lib/jackson-jaxrs-smile-provider-2.4.6.jar:lib/activation-1.1.1.jar:lib/aws-java-sdk-glacier-1.10.21.jar:lib/aws-java-sdk-simpleworkflow-1.10.21.jar:lib/jackson-core-asl-1.9.13.jar:lib/java-util-0.27.7.jar:lib/jetty-http-9.2.5.v20141112.jar:lib/log4j-1.2-api-2.5.jar:lib/wagon-provider-api-2.4.jar:lib/jersey-servlet-1.19.jar:lib/druid-common-0.9.0.jar:lib/aws-java-sdk-ecs-1.10.21.jar:lib/compress-lzf-1.0.3.jar:lib/aws-java-sdk-kinesis-1.10.21.jar:lib/joda-time-2.8.2.jar:lib/druid-indexing-hadoop-0.9.0.jar:lib/maven-settings-3.1.1.jar:lib/json-path-2.1.0.jar:lib/log4j-api-2.5.jar:lib/druid-processing-0.9.0.jar:lib/aws-java-sdk-autoscaling-1.10.21.jar:lib/aws-java-sdk-sqs-1.10.21.jar:lib/aws-java-sdk-codecommit-1.10.21.jar:lib/log4j-jul-2.5.jar:lib/aws-java-sdk-cloudformation-1.10.21.jar:lib/log4j-core-2.5.jar:lib/jetty-servlet-9.2.5.v20141112.jar:lib/maven-model-builder-3.1.1.jar:lib/aws-java-sdk-sts-1.10.21.jar:lib/rhino-1.7R5.jar:lib/jetty-util-9.2.5.v20141112.jar:lib/jackson-databind-2.4.6.jar:lib/jets3t-0.9.4.jar:lib/javax.el-api-3.0.0.jar:lib/aether-spi-0.9.0.M2.jar:lib/aws-java-sdk-efs-1.10.21.jar:lib/aws-java-sdk-ec2-1.10.21.jar:lib/aopalliance-1.0.jar:lib/guava-16.0.1.jar:lib/RoaringBitmap-0.5.16.jar:lib/zookeeper-3.4.6.jar:lib/derby-10.11.1.1.jar:lib/base64-2.3.8.jar:lib/irc-api-1.0-0014.jar:lib/aws-java-sdk-simpledb-1.10.21.jar:lib/jetty-server-9.2.5.v20141112.jar:lib/netty-3.10.4.Final.jar:lib/aws-java-sdk-route53-1.10.21.jar:lib/jcl-over-slf4j-1.7.12.jar:lib/javax.servlet-api-3.1.0.jar:lib/jsr305-2.0.1.jar:lib/aws-java-sdk-emr-1.10.21.jar:lib/aws-java-sdk-devicefarm-1.10.21.jar:lib/jackson-dataformat-smile-2.4.6.jar:lib/druid-console-0.0.2.jar:lib/validation-api-1.1.0.Final.jar:lib/geoip2-0.4.0.jar:lib/jetty-client-9.2.5.v20141112.jar:lib/jersey-core-1.19.jar:lib/config-magic-0.9.jar:lib/antlr4-runtime-4.0.jar:lib/aws-java-sdk-sns-1.10.21.jar:lib/airline-0.7.jar:lib/aws-java-sdk-swf-libraries-1.10.21.jar:lib/guice-multibindings-4.0-beta.jar:lib/jackson-core-2.4.6.jar:lib/annotations-2.0.3.jar:lib/jetty-proxy-9.2.5.v20141112.jar:lib/commons-lang-2.6.jar:lib/disruptor-3.3.0.jar:lib/aws-java-sdk-core-1.10.21.jar:lib/commons-codec-1.7.jar:lib/java-xmlbuilder-1.1.jar:lib/javax.inject-1.jar:lib/org.abego.treelayout.core-1.0.1.jar:lib/derbynet-10.11.1.1.jar:lib/slf4j-api-1.7.12.jar:lib/aws-java-sdk-lambda-1.10.21.jar:lib/maven-settings-builder-3.1.1.jar:lib/plexus-interpolation-1.19.jar:lib/maven-aether-provider-3.1.1.jar:lib/aws-java-sdk-machinelearning-1.10.21.jar:lib/aws-java-sdk-opsworks-1.10.21.jar:lib/aws-java-sdk-storagegateway-1.10.21.jar:lib/aws-java-sdk-cloudtrail-1.10.21.jar:lib/jdbi-2.63.1.jar:lib/server-metrics-0.2.8.jar:lib/bcprov-jdk15on-1.52.jar:lib/jackson-datatype-guava-2.4.6.jar:lib/httpclient-4.5.1.jar:lib/commons-dbcp2-2.0.1.jar:lib/google-http-client-jackson2-1.15.0-rc.jar:lib/aws-java-sdk-ssm-1.10.21.jar:lib/aws-java-sdk-config-1.10.21.jar:lib/aws-java-sdk-logs-1.10.21.jar:lib/aws-java-sdk-redshift-1.10.21.jar:lib/guice-servlet-4.0-beta.jar:lib/curator-recipes-2.9.1.jar:lib/jackson-module-jaxb-annotations-2.4.6.jar:lib/aws-java-sdk-ses-1.10.21.jar:lib/jline-0.9.94.jar
2016-04-16T23:01:36,007 INFO [main] io.druid.cli.CliPeon - * java.class.version: 52.0
2016-04-16T23:01:36,007 INFO [main] io.druid.cli.CliPeon - * java.endorsed.dirs: /usr/lib/jvm/java-8-openjdk-amd64/jre/lib/endorsed
2016-04-16T23:01:36,007 INFO [main] io.druid.cli.CliPeon - * java.ext.dirs: /usr/lib/jvm/java-8-openjdk-amd64/jre/lib/ext:/usr/java/packages/lib/ext
2016-04-16T23:01:36,007 INFO [main] io.druid.cli.CliPeon - * java.home: /usr/lib/jvm/java-8-openjdk-amd64/jre
2016-04-16T23:01:36,007 INFO [main] io.druid.cli.CliPeon - * java.io.tmpdir: var/tmp
2016-04-16T23:01:36,007 INFO [main] io.druid.cli.CliPeon - * java.library.path: /usr/java/packages/lib/amd64:/usr/lib/x86_64-linux-gnu/jni:/lib/x86_64-linux-gnu:/usr/lib/x86_64-linux-gnu:/usr/lib/jni:/lib:/usr/lib
2016-04-16T23:01:36,008 INFO [main] io.druid.cli.CliPeon - * java.runtime.name: OpenJDK Runtime Environment
2016-04-16T23:01:36,008 INFO [main] io.druid.cli.CliPeon - * java.runtime.version: 1.8.0_72-internal-b15
2016-04-16T23:01:36,008 INFO [main] io.druid.cli.CliPeon - * java.specification.name: Java Platform API Specification
2016-04-16T23:01:36,008 INFO [main] io.druid.cli.CliPeon - * java.specification.vendor: Oracle Corporation
2016-04-16T23:01:36,008 INFO [main] io.druid.cli.CliPeon - * java.specification.version: 1.8
2016-04-16T23:01:36,008 INFO [main] io.druid.cli.CliPeon - * java.util.logging.manager: org.apache.logging.log4j.jul.LogManager
2016-04-16T23:01:36,008 INFO [main] io.druid.cli.CliPeon - * java.vendor: Oracle Corporation
2016-04-16T23:01:36,009 INFO [main] io.druid.cli.CliPeon - * java.vendor.url: http://java.oracle.com/
2016-04-16T23:01:36,009 INFO [main] io.druid.cli.CliPeon - * java.vendor.url.bug: http://bugreport.sun.com/bugreport/
2016-04-16T23:01:36,009 INFO [main] io.druid.cli.CliPeon - * java.version: 1.8.0_72-internal
2016-04-16T23:01:36,009 INFO [main] io.druid.cli.CliPeon - * java.vm.info: mixed mode
2016-04-16T23:01:36,009 INFO [main] io.druid.cli.CliPeon - * java.vm.name: OpenJDK 64-Bit Server VM
2016-04-16T23:01:36,009 INFO [main] io.druid.cli.CliPeon - * java.vm.specification.name: Java Virtual Machine Specification
2016-04-16T23:01:36,009 INFO [main] io.druid.cli.CliPeon - * java.vm.specification.vendor: Oracle Corporation
2016-04-16T23:01:36,009 INFO [main] io.druid.cli.CliPeon - * java.vm.specification.version: 1.8
2016-04-16T23:01:36,010 INFO [main] io.druid.cli.CliPeon - * java.vm.vendor: Oracle Corporation
2016-04-16T23:01:36,010 INFO [main] io.druid.cli.CliPeon - * java.vm.version: 25.72-b15
2016-04-16T23:01:36,010 INFO [main] io.druid.cli.CliPeon - * line.separator: 

2016-04-16T23:01:36,010 INFO [main] io.druid.cli.CliPeon - * log4j.shutdownCallbackRegistry: io.druid.common.config.Log4jShutdown
2016-04-16T23:01:36,011 INFO [main] io.druid.cli.CliPeon - * log4j.shutdownHookEnabled: true
2016-04-16T23:01:36,011 INFO [main] io.druid.cli.CliPeon - * os.arch: amd64
2016-04-16T23:01:36,011 INFO [main] io.druid.cli.CliPeon - * os.name: Linux
2016-04-16T23:01:36,011 INFO [main] io.druid.cli.CliPeon - * os.version: 4.2.0-35-generic
2016-04-16T23:01:36,011 INFO [main] io.druid.cli.CliPeon - * path.separator: :
2016-04-16T23:01:36,011 INFO [main] io.druid.cli.CliPeon - * sun.arch.data.model: 64
2016-04-16T23:01:36,011 INFO [main] io.druid.cli.CliPeon - * sun.boot.class.path: /usr/lib/jvm/java-8-openjdk-amd64/jre/lib/resources.jar:/usr/lib/jvm/java-8-openjdk-amd64/jre/lib/rt.jar:/usr/lib/jvm/java-8-openjdk-amd64/jre/lib/sunrsasign.jar:/usr/lib/jvm/java-8-openjdk-amd64/jre/lib/jsse.jar:/usr/lib/jvm/java-8-openjdk-amd64/jre/lib/jce.jar:/usr/lib/jvm/java-8-openjdk-amd64/jre/lib/charsets.jar:/usr/lib/jvm/java-8-openjdk-amd64/jre/lib/jfr.jar:/usr/lib/jvm/java-8-openjdk-amd64/jre/classes
2016-04-16T23:01:36,011 INFO [main] io.druid.cli.CliPeon - * sun.boot.library.path: /usr/lib/jvm/java-8-openjdk-amd64/jre/lib/amd64
2016-04-16T23:01:36,012 INFO [main] io.druid.cli.CliPeon - * sun.cpu.endian: little
2016-04-16T23:01:36,012 INFO [main] io.druid.cli.CliPeon - * sun.cpu.isalist: 
2016-04-16T23:01:36,012 INFO [main] io.druid.cli.CliPeon - * sun.io.unicode.encoding: UnicodeLittle
2016-04-16T23:01:36,012 INFO [main] io.druid.cli.CliPeon - * sun.java.command: io.druid.cli.Main internal peon var/druid/task/index_wikiticker_2016-04-16T23:01:32.299Z/task.json var/druid/task/index_wikiticker_2016-04-16T23:01:32.299Z/8364bc1d-638f-4e16-baea-17e26ec8bca4/status.json
2016-04-16T23:01:36,012 INFO [main] io.druid.cli.CliPeon - * sun.java.launcher: SUN_STANDARD
2016-04-16T23:01:36,012 INFO [main] io.druid.cli.CliPeon - * sun.jnu.encoding: UTF-8
2016-04-16T23:01:36,012 INFO [main] io.druid.cli.CliPeon - * sun.management.compiler: HotSpot 64-Bit Tiered Compilers
2016-04-16T23:01:36,013 INFO [main] io.druid.cli.CliPeon - * sun.os.patch.level: unknown
2016-04-16T23:01:36,013 INFO [main] io.druid.cli.CliPeon - * user.dir: /opt/druid
2016-04-16T23:01:36,013 INFO [main] io.druid.cli.CliPeon - * user.home: /root
2016-04-16T23:01:36,013 INFO [main] io.druid.cli.CliPeon - * user.language: en
2016-04-16T23:01:36,013 INFO [main] io.druid.cli.CliPeon - * user.name: root
2016-04-16T23:01:36,013 INFO [main] io.druid.cli.CliPeon - * user.timezone: UTC
2016-04-16T23:01:36,030 INFO [main] io.druid.guice.JsonConfigurator - Loaded class[class io.druid.server.initialization.NamespaceLookupStaticConfig] from props[druid.query.extraction.namespace.] as [io.druid.server.initialization.NamespaceLookupStaticConfig@878537d]
2016-04-16T23:01:36,073 INFO [main] io.druid.guice.JsonConfigurator - Loaded class[class io.druid.indexing.common.config.TaskConfig] from props[druid.indexer.task.] as [io.druid.indexing.common.config.TaskConfig@27fde870]
2016-04-16T23:01:36,079 INFO [main] io.druid.guice.JsonConfigurator - Loaded class[class io.druid.guice.http.DruidHttpClientConfig] from props[druid.global.http.] as [io.druid.guice.http.DruidHttpClientConfig@43effd89]
2016-04-16T23:01:36,159 INFO [main] io.druid.guice.JsonConfigurator - Loaded class[class io.druid.client.indexing.IndexingServiceSelectorConfig] from props[druid.selectors.indexing.] as [io.druid.client.indexing.IndexingServiceSelectorConfig@37c2eacb]
2016-04-16T23:01:36,166 INFO [main] io.druid.guice.JsonConfigurator - Loaded class[class io.druid.curator.CuratorConfig] from props[druid.zk.service.] as [io.druid.curator.CuratorConfig@6e1d4137]
2016-04-16T23:01:36,171 WARN [main] org.apache.curator.retry.ExponentialBackoffRetry - maxRetries too large (30). Pinning to 29
2016-04-16T23:01:36,198 INFO [main] io.druid.guice.JsonConfigurator - Loaded class[class io.druid.server.initialization.CuratorDiscoveryConfig] from props[druid.discovery.curator.] as [io.druid.server.initialization.CuratorDiscoveryConfig@51d143a1]
2016-04-16T23:01:36,415 INFO [main] io.druid.guice.JsonConfigurator - Loaded class[class io.druid.indexing.common.RetryPolicyConfig] from props[druid.peon.taskActionClient.retry.] as [io.druid.indexing.common.RetryPolicyConfig@86733]
2016-04-16T23:01:36,420 INFO [main] io.druid.guice.JsonConfigurator - Loaded class[class io.druid.segment.loading.LocalDataSegmentPusherConfig] from props[druid.storage.] as [io.druid.segment.loading.LocalDataSegmentPusherConfig@240f6c41]
2016-04-16T23:01:36,421 INFO [main] io.druid.segment.loading.LocalDataSegmentPusher - Configured local filesystem as deep storage
2016-04-16T23:01:36,431 INFO [main] io.druid.guice.JsonConfigurator - Loaded class[class io.druid.client.DruidServerConfig] from props[druid.server.] as [io.druid.client.DruidServerConfig@2776015d]
2016-04-16T23:01:36,436 INFO [main] io.druid.guice.JsonConfigurator - Loaded class[class io.druid.server.initialization.BatchDataSegmentAnnouncerConfig] from props[druid.announcer.] as [io.druid.server.initialization.BatchDataSegmentAnnouncerConfig@5a8cbffe]
2016-04-16T23:01:36,442 INFO [main] io.druid.guice.JsonConfigurator - Loaded class[class io.druid.server.initialization.ZkPathsConfig] from props[druid.zk.paths.] as [io.druid.server.initialization.ZkPathsConfig@22e2266d]
2016-04-16T23:01:36,450 INFO [main] io.druid.guice.JsonConfigurator - Loaded class[interface io.druid.server.coordination.DataSegmentAnnouncerProvider] from props[druid.announcer.] as [io.druid.server.coordination.BatchDataSegmentAnnouncerProvider@351f2244]
2016-04-16T23:01:36,453 INFO [main] io.druid.guice.JsonConfigurator - Loaded class[class io.druid.client.coordinator.CoordinatorSelectorConfig] from props[druid.selectors.coordinator.] as [io.druid.client.coordinator.CoordinatorSelectorConfig@7acfb656]
2016-04-16T23:01:36,458 INFO [main] io.druid.guice.JsonConfigurator - Loaded class[class io.druid.segment.realtime.plumber.CoordinatorBasedSegmentHandoffNotifierConfig] from props[druid.segment.handoff.] as [io.druid.segment.realtime.plumber.CoordinatorBasedSegmentHandoffNotifierConfig@68577ba8]
2016-04-16T23:01:36,463 INFO [main] org.skife.config.ConfigurationObjectFactory - Assigning value [256000000] for [druid.processing.buffer.sizeBytes] on [io.druid.query.DruidProcessingConfig#intermediateComputeSizeBytes()]
2016-04-16T23:01:36,468 INFO [main] org.skife.config.ConfigurationObjectFactory - Assigning value [2] for [druid.processing.numThreads] on [io.druid.query.DruidProcessingConfig#getNumThreads()]
2016-04-16T23:01:36,468 INFO [main] org.skife.config.ConfigurationObjectFactory - Using method itself for [druid.computation.buffer.poolCacheMaxCount, ${base_path}.buffer.poolCacheMaxCount] on [io.druid.query.DruidProcessingConfig#poolCacheMaxCount()]
2016-04-16T23:01:36,474 INFO [main] org.skife.config.ConfigurationObjectFactory - Using method itself for [${base_path}.columnCache.sizeBytes] on [io.druid.query.DruidProcessingConfig#columnCacheSizeBytes()]
2016-04-16T23:01:36,474 INFO [main] org.skife.config.ConfigurationObjectFactory - Using method itself for [${base_path}.fifo] on [io.druid.query.DruidProcessingConfig#isFifo()]
2016-04-16T23:01:36,475 INFO [main] org.skife.config.ConfigurationObjectFactory - Assigning default value [processing-%s] for [${base_path}.formatString] on [com.metamx.common.concurrent.ExecutorServiceConfig#getFormatString()]
2016-04-16T23:01:36,616 INFO [main] io.druid.guice.JsonConfigurator - Loaded class[class io.druid.query.search.search.SearchQueryConfig] from props[druid.query.search.] as [io.druid.query.search.search.SearchQueryConfig@5633dafd]
2016-04-16T23:01:36,621 INFO [main] io.druid.guice.JsonConfigurator - Loaded class[class io.druid.query.metadata.SegmentMetadataQueryConfig] from props[druid.query.segmentMetadata.] as [io.druid.query.metadata.SegmentMetadataQueryConfig@68e7c8c3]
2016-04-16T23:01:36,626 INFO [main] io.druid.guice.JsonConfigurator - Loaded class[class io.druid.query.groupby.GroupByQueryConfig] from props[druid.query.groupBy.] as [io.druid.query.groupby.GroupByQueryConfig@2f61d591]
2016-04-16T23:01:36,684 INFO [main] io.druid.guice.JsonConfigurator - Loaded class[class io.druid.query.topn.TopNQueryConfig] from props[druid.query.topN.] as [io.druid.query.topn.TopNQueryConfig@60859f5a]
2016-04-16T23:01:36,701 INFO [main] io.druid.guice.JsonConfigurator - Loaded class[interface io.druid.client.cache.CacheProvider] from props[druid.cache.] as [io.druid.client.cache.LocalCacheProvider@66420549]
2016-04-16T23:01:36,714 INFO [main] io.druid.guice.JsonConfigurator - Loaded class[class io.druid.client.cache.CacheConfig] from props[druid.realtime.cache.] as [io.druid.client.cache.CacheConfig@3e7c4815]
2016-04-16T23:01:36,735 INFO [main] io.druid.guice.JsonConfigurator - Loaded class[class io.druid.server.initialization.ServerConfig] from props[druid.server.http.] as [ServerConfig{numThreads=8, maxIdleTime=PT5M}]
2016-04-16T23:01:36,738 INFO [main] io.druid.guice.JsonConfigurator - Loaded class[interface io.druid.server.log.RequestLoggerProvider] from props[druid.request.logging.] as [io.druid.server.log.NoopRequestLoggerProvider@74d3b638]
2016-04-16T23:01:36,758 INFO [main] org.eclipse.jetty.util.log - Logging initialized @4140ms
2016-04-16T23:01:36,886 INFO [main] com.metamx.common.lifecycle.Lifecycle$AnnotationBasedHandler - Invoking start method[public void com.metamx.emitter.core.LoggingEmitter.start()] on object[com.metamx.emitter.core.LoggingEmitter@30e9ca13].
2016-04-16T23:01:36,889 INFO [main] com.metamx.emitter.core.LoggingEmitter - Start: started [true]
2016-04-16T23:01:36,889 INFO [main] com.metamx.common.lifecycle.Lifecycle$AnnotationBasedHandler - Invoking start method[public void io.druid.initialization.Log4jShutterDownerModule$Log4jShutterDowner.start()] on object[io.druid.initialization.Log4jShutterDownerModule$Log4jShutterDowner@60cf62ad].
2016-04-16T23:01:36,890 INFO [main] com.metamx.common.lifecycle.Lifecycle$AnnotationBasedHandler - Invoking start method[public void com.metamx.emitter.service.ServiceEmitter.start()] on object[com.metamx.emitter.service.ServiceEmitter@1e0895f5].
2016-04-16T23:01:36,892 INFO [main] com.metamx.common.lifecycle.Lifecycle$AnnotationBasedHandler - Invoking start method[public void com.metamx.metrics.MonitorScheduler.start()] on object[com.metamx.metrics.MonitorScheduler@fd9ebde].
2016-04-16T23:01:36,896 INFO [main] com.metamx.common.lifecycle.Lifecycle$AnnotationBasedHandler - Invoking start method[public void io.druid.server.namespace.NamespacedExtractionModule$NamespaceStaticConfiguration.start()] on object[io.druid.server.namespace.NamespacedExtractionModule$NamespaceStaticConfiguration@7899de11].
2016-04-16T23:01:36,896 INFO [main] io.druid.server.namespace.NamespacedExtractionModule - Loading configuration as static configuration
2016-04-16T23:01:36,903 INFO [main] io.druid.server.namespace.NamespacedExtractionModule - Loaded 0 namespace-lookup configuration
2016-04-16T23:01:36,909 INFO [main] com.metamx.common.lifecycle.Lifecycle$AnnotationBasedHandler - Invoking start method[public void com.metamx.http.client.NettyHttpClient.start()] on object[com.metamx.http.client.NettyHttpClient@673919a7].
2016-04-16T23:01:36,910 INFO [main] io.druid.curator.CuratorModule - Starting Curator
2016-04-16T23:01:36,911 INFO [main] org.apache.curator.framework.imps.CuratorFrameworkImpl - Starting
2016-04-16T23:01:36,924 INFO [main] org.apache.zookeeper.ZooKeeper - Client environment:zookeeper.version=3.4.6-1569965, built on 02/20/2014 09:09 GMT
2016-04-16T23:01:36,924 INFO [main] org.apache.zookeeper.ZooKeeper - Client environment:host.name=middle_manager
2016-04-16T23:01:36,924 INFO [main] org.apache.zookeeper.ZooKeeper - Client environment:java.version=1.8.0_72-internal
2016-04-16T23:01:36,924 INFO [main] org.apache.zookeeper.ZooKeeper - Client environment:java.vendor=Oracle Corporation
2016-04-16T23:01:36,924 INFO [main] org.apache.zookeeper.ZooKeeper - Client environment:java.home=/usr/lib/jvm/java-8-openjdk-amd64/jre
2016-04-16T23:01:36,924 INFO [main] org.apache.zookeeper.ZooKeeper - Client environment:java.class.path=conf/druid/_common:conf/druid/middleManager:lib/aether-api-0.9.0.M2.jar:lib/jetty-security-9.2.5.v20141112.jar:lib/aws-java-sdk-cloudwatchmetrics-1.10.21.jar:lib/jersey-guice-1.19.jar:lib/aws-java-sdk-cloudsearch-1.10.21.jar:lib/icu4j-4.8.1.jar:lib/aws-java-sdk-elasticloadbalancing-1.10.21.jar:lib/maven-repository-metadata-3.1.1.jar:lib/aws-java-sdk-cloudwatch-1.10.21.jar:lib/aws-java-sdk-directconnect-1.10.21.jar:lib/jackson-datatype-joda-2.4.6.jar:lib/aws-java-sdk-codepipeline-1.10.21.jar:lib/aws-java-sdk-cognitosync-1.10.21.jar:lib/curator-framework-2.9.1.jar:lib/extendedset-1.3.9.jar:lib/aws-java-sdk-cloudfront-1.10.21.jar:lib/druid-indexing-service-0.9.0.jar:lib/aether-connector-okhttp-0.0.9.jar:lib/aws-java-sdk-rds-1.10.21.jar:lib/http-client-1.0.4.jar:lib/jboss-logging-3.1.3.GA.jar:lib/aws-java-sdk-elastictranscoder-1.10.21.jar:lib/opencsv-2.3.jar:lib/javax.el-3.0.0.jar:lib/jackson-jaxrs-json-provider-2.4.6.jar:lib/derbyclient-10.11.1.1.jar:lib/commons-cli-1.2.jar:lib/aws-java-sdk-datapipeline-1.10.21.jar:lib/classmate-1.0.0.jar:lib/aws-java-sdk-elasticache-1.10.21.jar:lib/guice-4.0-beta.jar:lib/jetty-servlets-9.2.5.v20141112.jar:lib/bytebuffer-collections-0.2.4.jar:lib/druid-api-0.3.16.jar:lib/aether-connector-file-0.9.0.M2.jar:lib/druid-server-0.9.0.jar:lib/aws-java-sdk-workspaces-1.10.21.jar:lib/commons-pool-1.6.jar:lib/commons-logging-1.1.1.jar:lib/maven-model-3.1.1.jar:lib/plexus-utils-3.0.15.jar:lib/jetty-io-9.2.5.v20141112.jar:lib/emitter-0.3.6.jar:lib/aws-java-sdk-support-1.10.21.jar:lib/commons-io-2.4.jar:lib/aws-java-sdk-dynamodb-1.10.21.jar:lib/maxminddb-0.2.0.jar:lib/aws-java-sdk-directory-1.10.21.jar:lib/curator-client-2.9.1.jar:lib/httpcore-4.4.3.jar:lib/aws-java-sdk-cloudhsm-1.10.21.jar:lib/tesla-aether-0.0.5.jar:lib/commons-pool2-2.2.jar:lib/jsr311-api-1.1.1.jar:lib/aws-java-sdk-1.10.21.jar:lib/okhttp-1.0.2.jar:lib/jersey-server-1.19.jar:lib/aether-impl-0.9.0.M2.jar:lib/jackson-annotations-2.4.6.jar:lib/aws-java-sdk-importexport-1.10.21.jar:lib/jackson-mapper-asl-1.9.13.jar:lib/jetty-continuation-9.2.5.v20141112.jar:lib/mapdb-1.0.8.jar:lib/druid-services-0.9.0.jar:lib/spymemcached-2.11.7.jar:lib/protobuf-java-2.5.0.jar:lib/aws-java-sdk-codedeploy-1.10.21.jar:lib/lz4-1.3.0.jar:lib/druid-aws-common-0.9.0.jar:lib/curator-x-discovery-2.9.1.jar:lib/aws-java-sdk-s3-1.10.21.jar:lib/hibernate-validator-5.1.3.Final.jar:lib/aws-java-sdk-cognitoidentity-1.10.21.jar:lib/log4j-slf4j-impl-2.5.jar:lib/aws-java-sdk-elasticbeanstalk-1.10.21.jar:lib/aether-util-0.9.0.M2.jar:lib/aws-java-sdk-kms-1.10.21.jar:lib/xpp3-1.1.4c.jar:lib/google-http-client-1.15.0-rc.jar:lib/jackson-jaxrs-base-2.4.6.jar:lib/aws-java-sdk-iam-1.10.21.jar:lib/jackson-jaxrs-smile-provider-2.4.6.jar:lib/activation-1.1.1.jar:lib/aws-java-sdk-glacier-1.10.21.jar:lib/aws-java-sdk-simpleworkflow-1.10.21.jar:lib/jackson-core-asl-1.9.13.jar:lib/java-util-0.27.7.jar:lib/jetty-http-9.2.5.v20141112.jar:lib/log4j-1.2-api-2.5.jar:lib/wagon-provider-api-2.4.jar:lib/jersey-servlet-1.19.jar:lib/druid-common-0.9.0.jar:lib/aws-java-sdk-ecs-1.10.21.jar:lib/compress-lzf-1.0.3.jar:lib/aws-java-sdk-kinesis-1.10.21.jar:lib/joda-time-2.8.2.jar:lib/druid-indexing-hadoop-0.9.0.jar:lib/maven-settings-3.1.1.jar:lib/json-path-2.1.0.jar:lib/log4j-api-2.5.jar:lib/druid-processing-0.9.0.jar:lib/aws-java-sdk-autoscaling-1.10.21.jar:lib/aws-java-sdk-sqs-1.10.21.jar:lib/aws-java-sdk-codecommit-1.10.21.jar:lib/log4j-jul-2.5.jar:lib/aws-java-sdk-cloudformation-1.10.21.jar:lib/log4j-core-2.5.jar:lib/jetty-servlet-9.2.5.v20141112.jar:lib/maven-model-builder-3.1.1.jar:lib/aws-java-sdk-sts-1.10.21.jar:lib/rhino-1.7R5.jar:lib/jetty-util-9.2.5.v20141112.jar:lib/jackson-databind-2.4.6.jar:lib/jets3t-0.9.4.jar:lib/javax.el-api-3.0.0.jar:lib/aether-spi-0.9.0.M2.jar:lib/aws-java-sdk-efs-1.10.21.jar:lib/aws-java-sdk-ec2-1.10.21.jar:lib/aopalliance-1.0.jar:lib/guava-16.0.1.jar:lib/RoaringBitmap-0.5.16.jar:lib/zookeeper-3.4.6.jar:lib/derby-10.11.1.1.jar:lib/base64-2.3.8.jar:lib/irc-api-1.0-0014.jar:lib/aws-java-sdk-simpledb-1.10.21.jar:lib/jetty-server-9.2.5.v20141112.jar:lib/netty-3.10.4.Final.jar:lib/aws-java-sdk-route53-1.10.21.jar:lib/jcl-over-slf4j-1.7.12.jar:lib/javax.servlet-api-3.1.0.jar:lib/jsr305-2.0.1.jar:lib/aws-java-sdk-emr-1.10.21.jar:lib/aws-java-sdk-devicefarm-1.10.21.jar:lib/jackson-dataformat-smile-2.4.6.jar:lib/druid-console-0.0.2.jar:lib/validation-api-1.1.0.Final.jar:lib/geoip2-0.4.0.jar:lib/jetty-client-9.2.5.v20141112.jar:lib/jersey-core-1.19.jar:lib/config-magic-0.9.jar:lib/antlr4-runtime-4.0.jar:lib/aws-java-sdk-sns-1.10.21.jar:lib/airline-0.7.jar:lib/aws-java-sdk-swf-libraries-1.10.21.jar:lib/guice-multibindings-4.0-beta.jar:lib/jackson-core-2.4.6.jar:lib/annotations-2.0.3.jar:lib/jetty-proxy-9.2.5.v20141112.jar:lib/commons-lang-2.6.jar:lib/disruptor-3.3.0.jar:lib/aws-java-sdk-core-1.10.21.jar:lib/commons-codec-1.7.jar:lib/java-xmlbuilder-1.1.jar:lib/javax.inject-1.jar:lib/org.abego.treelayout.core-1.0.1.jar:lib/derbynet-10.11.1.1.jar:lib/slf4j-api-1.7.12.jar:lib/aws-java-sdk-lambda-1.10.21.jar:lib/maven-settings-builder-3.1.1.jar:lib/plexus-interpolation-1.19.jar:lib/maven-aether-provider-3.1.1.jar:lib/aws-java-sdk-machinelearning-1.10.21.jar:lib/aws-java-sdk-opsworks-1.10.21.jar:lib/aws-java-sdk-storagegateway-1.10.21.jar:lib/aws-java-sdk-cloudtrail-1.10.21.jar:lib/jdbi-2.63.1.jar:lib/server-metrics-0.2.8.jar:lib/bcprov-jdk15on-1.52.jar:lib/jackson-datatype-guava-2.4.6.jar:lib/httpclient-4.5.1.jar:lib/commons-dbcp2-2.0.1.jar:lib/google-http-client-jackson2-1.15.0-rc.jar:lib/aws-java-sdk-ssm-1.10.21.jar:lib/aws-java-sdk-config-1.10.21.jar:lib/aws-java-sdk-logs-1.10.21.jar:lib/aws-java-sdk-redshift-1.10.21.jar:lib/guice-servlet-4.0-beta.jar:lib/curator-recipes-2.9.1.jar:lib/jackson-module-jaxb-annotations-2.4.6.jar:lib/aws-java-sdk-ses-1.10.21.jar:lib/jline-0.9.94.jar
2016-04-16T23:01:36,924 INFO [main] org.apache.zookeeper.ZooKeeper - Client environment:java.library.path=/usr/java/packages/lib/amd64:/usr/lib/x86_64-linux-gnu/jni:/lib/x86_64-linux-gnu:/usr/lib/x86_64-linux-gnu:/usr/lib/jni:/lib:/usr/lib
2016-04-16T23:01:36,924 INFO [main] org.apache.zookeeper.ZooKeeper - Client environment:java.io.tmpdir=var/tmp
2016-04-16T23:01:36,925 INFO [main] org.apache.zookeeper.ZooKeeper - Client environment:java.compiler=<NA>
2016-04-16T23:01:36,925 INFO [main] org.apache.zookeeper.ZooKeeper - Client environment:os.name=Linux
2016-04-16T23:01:36,925 INFO [main] org.apache.zookeeper.ZooKeeper - Client environment:os.arch=amd64
2016-04-16T23:01:36,925 INFO [main] org.apache.zookeeper.ZooKeeper - Client environment:os.version=4.2.0-35-generic
2016-04-16T23:01:36,925 INFO [main] org.apache.zookeeper.ZooKeeper - Client environment:user.name=root
2016-04-16T23:01:36,925 INFO [main] org.apache.zookeeper.ZooKeeper - Client environment:user.home=/root
2016-04-16T23:01:36,925 INFO [main] org.apache.zookeeper.ZooKeeper - Client environment:user.dir=/opt/druid
2016-04-16T23:01:36,926 INFO [main] org.apache.zookeeper.ZooKeeper - Initiating client connection, connectString=zookeeper sessionTimeout=30000 watcher=org.apache.curator.ConnectionState@2819c460
2016-04-16T23:01:36,954 INFO [main] com.metamx.common.lifecycle.Lifecycle$AnnotationBasedHandler - Invoking start method[public void io.druid.curator.discovery.ServerDiscoverySelector.start() throws java.lang.Exception] on object[io.druid.curator.discovery.ServerDiscoverySelector@1b1f5012].
2016-04-16T23:01:36,962 INFO [main-SendThread(druidtest_zookeeper_1.druidtest_druid:2181)] org.apache.zookeeper.ClientCnxn - Opening socket connection to server druidtest_zookeeper_1.druidtest_druid/172.20.0.2:2181. Will not attempt to authenticate using SASL (unknown error)
2016-04-16T23:01:36,977 INFO [main-SendThread(druidtest_zookeeper_1.druidtest_druid:2181)] org.apache.zookeeper.ClientCnxn - Socket connection established to druidtest_zookeeper_1.druidtest_druid/172.20.0.2:2181, initiating session
2016-04-16T23:01:36,988 INFO [main-SendThread(druidtest_zookeeper_1.druidtest_druid:2181)] org.apache.zookeeper.ClientCnxn - Session establishment complete on server druidtest_zookeeper_1.druidtest_druid/172.20.0.2:2181, sessionid = 0x1542149ba0b0006, negotiated timeout = 30000
2016-04-16T23:01:36,993 INFO [main-EventThread] org.apache.curator.framework.state.ConnectionStateManager - State change: CONNECTED
2016-04-16T23:01:37,131 INFO [main] com.metamx.common.lifecycle.Lifecycle$AnnotationBasedHandler - Invoking start method[public void io.druid.curator.announcement.Announcer.start()] on object[io.druid.curator.announcement.Announcer@50fb33a].
2016-04-16T23:01:37,131 INFO [main] com.metamx.common.lifecycle.Lifecycle$AnnotationBasedHandler - Invoking start method[public void io.druid.curator.discovery.ServerDiscoverySelector.start() throws java.lang.Exception] on object[io.druid.curator.discovery.ServerDiscoverySelector@2cae9b8].
2016-04-16T23:01:37,143 INFO [main] com.metamx.common.lifecycle.Lifecycle$AnnotationBasedHandler - Invoking start method[public void io.druid.indexing.worker.executor.ExecutorLifecycle.start() throws java.lang.InterruptedException] on object[io.druid.indexing.worker.executor.ExecutorLifecycle@4f89331f].
2016-04-16T23:01:37,365 INFO [main] io.druid.indexing.worker.executor.ExecutorLifecycle - Running with task: {
  "type" : "index",
  "id" : "index_wikiticker_2016-04-16T23:01:32.299Z",
  "resource" : {
    "availabilityGroup" : "index_wikiticker_2016-04-16T23:01:32.299Z",
    "requiredCapacity" : 1
  },
  "spec" : {
    "dataSchema" : {
      "dataSource" : "wikiticker",
      "parser" : {
        "type" : "string",
        "parseSpec" : {
          "format" : "json",
          "dimensionsSpec" : {
            "dimensions" : [ "channel", "cityName", "comment", "countryIsoCode", "countryName", "isAnonymous", "isMinor", "isNew", "isRobot", "isUnpatrolled", "metroCode", "namespace", "page", "regionIsoCode", "regionName", "user" ]
          },
          "timestampSpec" : {
            "format" : "auto",
            "column" : "time"
          }
        }
      },
      "metricsSpec" : [ {
        "type" : "count",
        "name" : "count"
      }, {
        "type" : "longSum",
        "name" : "added",
        "fieldName" : "added"
      }, {
        "type" : "longSum",
        "name" : "deleted",
        "fieldName" : "deleted"
      }, {
        "type" : "longSum",
        "name" : "delta",
        "fieldName" : "delta"
      }, {
        "type" : "hyperUnique",
        "name" : "user_unique",
        "fieldName" : "user"
      } ],
      "granularitySpec" : {
        "type" : "uniform",
        "segmentGranularity" : "DAY",
        "queryGranularity" : {
          "type" : "none"
        },
        "intervals" : [ "2015-09-12T00:00:00.000Z/2015-09-13T00:00:00.000Z" ]
      }
    },
    "ioConfig" : {
      "type" : "index",
      "firehose" : {
        "type" : "local",
        "baseDir" : "/opt/druid/quickstart",
        "filter" : "wikiticker-2015-09-12-sampled.json",
        "parser" : null
      }
    },
    "tuningConfig" : {
      "type" : "index",
      "targetPartitionSize" : 5000000,
      "rowFlushBoundary" : 500000,
      "numShards" : -1,
      "indexSpec" : {
        "bitmap" : {
          "type" : "concise"
        },
        "dimensionCompression" : null,
        "metricCompression" : null
      },
      "buildV9Directly" : false
    }
  },
  "context" : null,
  "groupId" : "index_wikiticker_2016-04-16T23:01:32.299Z",
  "dataSource" : "wikiticker",
  "interval" : "2015-09-12T00:00:00.000Z/2015-09-13T00:00:00.000Z"
}
2016-04-16T23:01:37,372 INFO [main] io.druid.indexing.worker.executor.ExecutorLifecycle - Attempting to lock file[var/druid/task/index_wikiticker_2016-04-16T23:01:32.299Z/lock].
2016-04-16T23:01:37,374 INFO [main] io.druid.indexing.worker.executor.ExecutorLifecycle - Acquired lock file[var/druid/task/index_wikiticker_2016-04-16T23:01:32.299Z/lock] in 2ms.
2016-04-16T23:01:37,379 INFO [main] io.druid.indexing.common.actions.RemoteTaskActionClient - Performing action for task[index_wikiticker_2016-04-16T23:01:32.299Z]: LockTryAcquireAction{interval=2015-09-12T00:00:00.000Z/2015-09-13T00:00:00.000Z}
2016-04-16T23:01:37,395 INFO [main] io.druid.indexing.common.actions.RemoteTaskActionClient - Submitting action for task[index_wikiticker_2016-04-16T23:01:32.299Z] to overlord[http://overlord:8090/druid/indexer/v1/action]: LockTryAcquireAction{interval=2015-09-12T00:00:00.000Z/2015-09-13T00:00:00.000Z}
2016-04-16T23:01:37,413 INFO [main] com.metamx.http.client.pool.ChannelResourceFactory - Generating: http://overlord:8090
2016-04-16T23:01:37,466 INFO [main] com.metamx.http.client.pool.ChannelResourceFactory - Generating: http://overlord:8090
2016-04-16T23:01:37,472 INFO [main] com.metamx.http.client.pool.ChannelResourceFactory - Generating: http://overlord:8090
2016-04-16T23:01:37,477 INFO [main] com.metamx.http.client.pool.ChannelResourceFactory - Generating: http://overlord:8090
2016-04-16T23:01:37,481 INFO [main] com.metamx.http.client.pool.ChannelResourceFactory - Generating: http://overlord:8090
2016-04-16T23:01:37,484 INFO [main] com.metamx.http.client.pool.ChannelResourceFactory - Generating: http://overlord:8090
2016-04-16T23:01:37,484 INFO [main] com.metamx.http.client.pool.ChannelResourceFactory - Generating: http://overlord:8090
2016-04-16T23:01:37,484 INFO [main] com.metamx.http.client.pool.ChannelResourceFactory - Generating: http://overlord:8090
2016-04-16T23:01:37,485 INFO [main] com.metamx.http.client.pool.ChannelResourceFactory - Generating: http://overlord:8090
2016-04-16T23:01:37,485 INFO [main] com.metamx.http.client.pool.ChannelResourceFactory - Generating: http://overlord:8090
2016-04-16T23:01:37,485 INFO [main] com.metamx.http.client.pool.ChannelResourceFactory - Generating: http://overlord:8090
2016-04-16T23:01:37,486 INFO [main] com.metamx.http.client.pool.ChannelResourceFactory - Generating: http://overlord:8090
2016-04-16T23:01:37,486 INFO [main] com.metamx.http.client.pool.ChannelResourceFactory - Generating: http://overlord:8090
2016-04-16T23:01:37,489 INFO [main] com.metamx.http.client.pool.ChannelResourceFactory - Generating: http://overlord:8090
2016-04-16T23:01:37,490 INFO [main] com.metamx.http.client.pool.ChannelResourceFactory - Generating: http://overlord:8090
2016-04-16T23:01:37,490 INFO [main] com.metamx.http.client.pool.ChannelResourceFactory - Generating: http://overlord:8090
2016-04-16T23:01:37,505 INFO [main] com.metamx.http.client.pool.ChannelResourceFactory - Generating: http://overlord:8090
2016-04-16T23:01:37,510 INFO [main] com.metamx.http.client.pool.ChannelResourceFactory - Generating: http://overlord:8090
2016-04-16T23:01:37,511 INFO [main] com.metamx.http.client.pool.ChannelResourceFactory - Generating: http://overlord:8090
2016-04-16T23:01:37,511 INFO [main] com.metamx.http.client.pool.ChannelResourceFactory - Generating: http://overlord:8090
2016-04-16T23:01:37,609 INFO [task-runner-0-priority-0] io.druid.indexing.overlord.ThreadPoolTaskRunner - Running task: index_wikiticker_2016-04-16T23:01:32.299Z
2016-04-16T23:01:37,613 INFO [task-runner-0-priority-0] io.druid.indexing.common.actions.RemoteTaskActionClient - Performing action for task[index_wikiticker_2016-04-16T23:01:32.299Z]: LockListAction{}
2016-04-16T23:01:37,627 INFO [task-runner-0-priority-0] io.druid.indexing.common.actions.RemoteTaskActionClient - Submitting action for task[index_wikiticker_2016-04-16T23:01:32.299Z] to overlord[http://overlord:8090/druid/indexer/v1/action]: LockListAction{}
2016-04-16T23:01:37,662 INFO [main] org.eclipse.jetty.server.Server - jetty-9.2.5.v20141112
2016-04-16T23:01:37,779 INFO [task-runner-0-priority-0] io.druid.segment.realtime.firehose.LocalFirehoseFactory - Searching for all [wikiticker-2015-09-12-sampled.json] in and beneath [/opt/druid/quickstart]
2016-04-16T23:01:37,780 INFO [task-runner-0-priority-0] io.druid.segment.realtime.firehose.LocalFirehoseFactory - Found files: [/opt/druid/quickstart/wikiticker-2015-09-12-sampled.json]
2016-04-16T23:01:38,024 INFO [main] com.sun.jersey.guice.spi.container.GuiceComponentProviderFactory - Registering com.fasterxml.jackson.jaxrs.json.JacksonJsonProvider as a provider class
2016-04-16T23:01:38,034 INFO [main] com.sun.jersey.guice.spi.container.GuiceComponentProviderFactory - Registering io.druid.server.initialization.jetty.CustomExceptionMapper as a provider class
2016-04-16T23:01:38,034 INFO [main] com.sun.jersey.guice.spi.container.GuiceComponentProviderFactory - Registering io.druid.server.StatusResource as a root resource class
2016-04-16T23:01:38,038 INFO [main] com.sun.jersey.server.impl.application.WebApplicationImpl - Initiating Jersey application, version 'Jersey: 1.19 02/11/2015 03:25 AM'
2016-04-16T23:01:38,227 INFO [main] com.sun.jersey.guice.spi.container.GuiceComponentProviderFactory - Binding io.druid.server.initialization.jetty.CustomExceptionMapper to GuiceManagedComponentProvider with the scope "Singleton"
2016-04-16T23:01:38,230 INFO [main] com.sun.jersey.guice.spi.container.GuiceComponentProviderFactory - Binding com.fasterxml.jackson.jaxrs.json.JacksonJsonProvider to GuiceManagedComponentProvider with the scope "Singleton"
2016-04-16T23:01:38,781 INFO [main] com.sun.jersey.guice.spi.container.GuiceComponentProviderFactory - Binding io.druid.server.namespace.http.NamespacesCacheResource to GuiceInstantiatedComponentProvider
2016-04-16T23:01:38,806 INFO [main] com.sun.jersey.guice.spi.container.GuiceComponentProviderFactory - Binding io.druid.server.QueryResource to GuiceInstantiatedComponentProvider
2016-04-16T23:01:38,809 INFO [main] com.sun.jersey.guice.spi.container.GuiceComponentProviderFactory - Binding io.druid.segment.realtime.firehose.ChatHandlerResource to GuiceInstantiatedComponentProvider
2016-04-16T23:01:38,815 INFO [main] com.sun.jersey.guice.spi.container.GuiceComponentProviderFactory - Binding io.druid.server.StatusResource to GuiceManagedComponentProvider with the scope "Undefined"
2016-04-16T23:01:38,873 INFO [main] org.eclipse.jetty.server.handler.ContextHandler - Started o.e.j.s.ServletContextHandler@546394ed{/,null,AVAILABLE}
2016-04-16T23:01:38,897 INFO [main] org.eclipse.jetty.server.ServerConnector - Started ServerConnector@7f287b98{HTTP/1.1}{0.0.0.0:8100}
2016-04-16T23:01:38,897 INFO [main] org.eclipse.jetty.server.Server - Started @6285ms
2016-04-16T23:01:38,898 INFO [main] com.metamx.common.lifecycle.Lifecycle$AnnotationBasedHandler - Invoking start method[public void io.druid.server.coordination.AbstractDataSegmentAnnouncer.start()] on object[io.druid.server.coordination.BatchDataSegmentAnnouncer@32120956].
2016-04-16T23:01:38,898 INFO [main] io.druid.server.coordination.AbstractDataSegmentAnnouncer - Announcing self[DruidServerMetadata{name='middle_manager:8100', host='middle_manager:8100', maxSize=0, tier='_default_tier', type='indexer-executor', priority='0'}] at [/druid/announcements/middle_manager:8100]
2016-04-16T23:01:39,753 INFO [task-runner-0-priority-0] io.druid.indexing.common.task.IndexTask - Determining partitions for interval[2015-09-12T00:00:00.000Z/2015-09-13T00:00:00.000Z] with targetPartitionSize[5000000]
2016-04-16T23:01:39,780 INFO [task-runner-0-priority-0] io.druid.segment.realtime.firehose.LocalFirehoseFactory - Searching for all [wikiticker-2015-09-12-sampled.json] in and beneath [/opt/druid/quickstart]
2016-04-16T23:01:39,781 INFO [task-runner-0-priority-0] io.druid.segment.realtime.firehose.LocalFirehoseFactory - Found files: [/opt/druid/quickstart/wikiticker-2015-09-12-sampled.json]
2016-04-16T23:01:41,066 INFO [task-runner-0-priority-0] io.druid.indexing.common.task.IndexTask - Estimated approximately [40,337.886351] rows of data.
2016-04-16T23:01:41,067 INFO [task-runner-0-priority-0] io.druid.indexing.common.task.IndexTask - Will require [1] shard(s).
2016-04-16T23:01:41,071 INFO [task-runner-0-priority-0] io.druid.segment.realtime.firehose.LocalFirehoseFactory - Searching for all [wikiticker-2015-09-12-sampled.json] in and beneath [/opt/druid/quickstart]
2016-04-16T23:01:41,071 INFO [task-runner-0-priority-0] io.druid.segment.realtime.firehose.LocalFirehoseFactory - Found files: [/opt/druid/quickstart/wikiticker-2015-09-12-sampled.json]
2016-04-16T23:01:42,883 INFO [task-runner-0-priority-0] io.druid.indexing.common.index.YeOldePlumberSchool - Spilling index[0] with rows[39244] to: var/druid/task/index_wikiticker_2016-04-16T23:01:32.299Z/work/wikiticker_2015-09-12T00:00:00.000Z_2015-09-13T00:00:00.000Z_2016-04-16T23:01:32.311Z_0/wikiticker_2015-09-12T00:00:00.000Z_2015-09-13T00:00:00.000Z_2016-04-16T23:01:32.311Z/spill0
2016-04-16T23:01:42,892 INFO [task-runner-0-priority-0] io.druid.segment.IndexMerger - Starting persist for interval[2015-09-12T00:00:00.000Z/2015-09-12T23:59:59.201Z], rows[39,244]
2016-04-16T23:01:43,079 INFO [task-runner-0-priority-0] io.druid.segment.IndexMerger - outDir[var/druid/task/index_wikiticker_2016-04-16T23:01:32.299Z/work/wikiticker_2015-09-12T00:00:00.000Z_2015-09-13T00:00:00.000Z_2016-04-16T23:01:32.311Z_0/wikiticker_2015-09-12T00:00:00.000Z_2015-09-13T00:00:00.000Z_2016-04-16T23:01:32.311Z/spill0/v8-tmp] completed index.drd in 4 millis.
2016-04-16T23:01:43,349 INFO [task-runner-0-priority-0] io.druid.segment.IndexMerger - outDir[var/druid/task/index_wikiticker_2016-04-16T23:01:32.299Z/work/wikiticker_2015-09-12T00:00:00.000Z_2015-09-13T00:00:00.000Z_2016-04-16T23:01:32.311Z_0/wikiticker_2015-09-12T00:00:00.000Z_2015-09-13T00:00:00.000Z_2016-04-16T23:01:32.311Z/spill0/v8-tmp] completed dim conversions in 270 millis.
2016-04-16T23:01:44,501 INFO [task-runner-0-priority-0] io.druid.segment.IndexMerger - outDir[var/druid/task/index_wikiticker_2016-04-16T23:01:32.299Z/work/wikiticker_2015-09-12T00:00:00.000Z_2015-09-13T00:00:00.000Z_2016-04-16T23:01:32.311Z_0/wikiticker_2015-09-12T00:00:00.000Z_2015-09-13T00:00:00.000Z_2016-04-16T23:01:32.311Z/spill0/v8-tmp] completed walk through of 39,244 rows in 1,151 millis.
2016-04-16T23:01:44,515 INFO [task-runner-0-priority-0] io.druid.segment.IndexMerger - Starting dimension[channel] with cardinality[51]
2016-04-16T23:01:44,609 INFO [task-runner-0-priority-0] io.druid.segment.IndexMerger - Completed dimension[channel] in 107 millis.
2016-04-16T23:01:44,610 INFO [task-runner-0-priority-0] io.druid.segment.IndexMerger - Starting dimension[cityName] with cardinality[1,006]
2016-04-16T23:01:44,640 INFO [task-runner-0-priority-0] io.druid.segment.IndexMerger - Completed dimension[cityName] in 31 millis.
2016-04-16T23:01:44,641 INFO [task-runner-0-priority-0] io.druid.segment.IndexMerger - Starting dimension[comment] with cardinality[19,314]
2016-04-16T23:01:45,250 INFO [task-runner-0-priority-0] io.druid.segment.IndexMerger - Completed dimension[comment] in 609 millis.
2016-04-16T23:01:45,251 INFO [task-runner-0-priority-0] io.druid.segment.IndexMerger - Starting dimension[countryIsoCode] with cardinality[114]
2016-04-16T23:01:45,258 INFO [task-runner-0-priority-0] io.druid.segment.IndexMerger - Completed dimension[countryIsoCode] in 7 millis.
2016-04-16T23:01:45,259 INFO [task-runner-0-priority-0] io.druid.segment.IndexMerger - Starting dimension[countryName] with cardinality[114]
2016-04-16T23:01:45,265 INFO [task-runner-0-priority-0] io.druid.segment.IndexMerger - Completed dimension[countryName] in 6 millis.
2016-04-16T23:01:45,265 INFO [task-runner-0-priority-0] io.druid.segment.IndexMerger - Starting dimension[isAnonymous] with cardinality[2]
2016-04-16T23:01:45,303 INFO [task-runner-0-priority-0] io.druid.segment.IndexMerger - Completed dimension[isAnonymous] in 37 millis.
2016-04-16T23:01:45,303 INFO [task-runner-0-priority-0] io.druid.segment.IndexMerger - Starting dimension[isMinor] with cardinality[2]
2016-04-16T23:01:45,319 INFO [task-runner-0-priority-0] io.druid.segment.IndexMerger - Completed dimension[isMinor] in 16 millis.
2016-04-16T23:01:45,320 INFO [task-runner-0-priority-0] io.druid.segment.IndexMerger - Starting dimension[isNew] with cardinality[2]
2016-04-16T23:01:45,376 INFO [task-runner-0-priority-0] io.druid.segment.IndexMerger - Completed dimension[isNew] in 56 millis.
2016-04-16T23:01:45,376 INFO [task-runner-0-priority-0] io.druid.segment.IndexMerger - Starting dimension[isRobot] with cardinality[2]
2016-04-16T23:01:45,388 INFO [task-runner-0-priority-0] io.druid.segment.IndexMerger - Completed dimension[isRobot] in 12 millis.
2016-04-16T23:01:45,388 INFO [task-runner-0-priority-0] io.druid.segment.IndexMerger - Starting dimension[isUnpatrolled] with cardinality[2]
2016-04-16T23:01:45,396 INFO [task-runner-0-priority-0] io.druid.segment.IndexMerger - Completed dimension[isUnpatrolled] in 8 millis.
2016-04-16T23:01:45,396 INFO [task-runner-0-priority-0] io.druid.segment.IndexMerger - Starting dimension[metroCode] with cardinality[93]
2016-04-16T23:01:45,419 INFO [task-runner-0-priority-0] io.druid.segment.IndexMerger - Completed dimension[metroCode] in 23 millis.
2016-04-16T23:01:45,420 INFO [task-runner-0-priority-0] io.druid.segment.IndexMerger - Starting dimension[namespace] with cardinality[265]
2016-04-16T23:01:45,436 INFO [task-runner-0-priority-0] io.druid.segment.IndexMerger - Completed dimension[namespace] in 17 millis.
2016-04-16T23:01:45,436 INFO [task-runner-0-priority-0] io.druid.segment.IndexMerger - Starting dimension[page] with cardinality[35,143]
2016-04-16T23:01:45,511 INFO [task-runner-0-priority-0] io.druid.segment.IndexMerger - Completed dimension[page] in 75 millis.
2016-04-16T23:01:45,512 INFO [task-runner-0-priority-0] io.druid.segment.IndexMerger - Starting dimension[regionIsoCode] with cardinality[408]
2016-04-16T23:01:45,518 INFO [task-runner-0-priority-0] io.druid.segment.IndexMerger - Completed dimension[regionIsoCode] in 7 millis.
2016-04-16T23:01:45,524 INFO [task-runner-0-priority-0] io.druid.segment.IndexMerger - Starting dimension[regionName] with cardinality[539]
2016-04-16T23:01:45,534 INFO [task-runner-0-priority-0] io.druid.segment.IndexMerger - Completed dimension[regionName] in 15 millis.
2016-04-16T23:01:45,535 INFO [task-runner-0-priority-0] io.druid.segment.IndexMerger - Starting dimension[user] with cardinality[10,531]
2016-04-16T23:01:45,589 INFO [task-runner-0-priority-0] io.druid.segment.IndexMerger - Completed dimension[user] in 55 millis.
2016-04-16T23:01:45,590 INFO [task-runner-0-priority-0] io.druid.segment.IndexMerger - outDir[var/druid/task/index_wikiticker_2016-04-16T23:01:32.299Z/work/wikiticker_2015-09-12T00:00:00.000Z_2015-09-13T00:00:00.000Z_2016-04-16T23:01:32.311Z_0/wikiticker_2015-09-12T00:00:00.000Z_2015-09-13T00:00:00.000Z_2016-04-16T23:01:32.311Z/spill0/v8-tmp] completed inverted.drd in 1,087 millis.
2016-04-16T23:01:45,634 INFO [task-runner-0-priority-0] io.druid.segment.IndexMerger - wrote metadata.drd in outDir[var/druid/task/index_wikiticker_2016-04-16T23:01:32.299Z/work/wikiticker_2015-09-12T00:00:00.000Z_2015-09-13T00:00:00.000Z_2016-04-16T23:01:32.311Z_0/wikiticker_2015-09-12T00:00:00.000Z_2015-09-13T00:00:00.000Z_2016-04-16T23:01:32.311Z/spill0/v8-tmp].
2016-04-16T23:01:45,663 INFO [task-runner-0-priority-0] io.druid.segment.IndexIO$DefaultIndexIOHandler - Converting v8[var/druid/task/index_wikiticker_2016-04-16T23:01:32.299Z/work/wikiticker_2015-09-12T00:00:00.000Z_2015-09-13T00:00:00.000Z_2016-04-16T23:01:32.311Z_0/wikiticker_2015-09-12T00:00:00.000Z_2015-09-13T00:00:00.000Z_2016-04-16T23:01:32.311Z/spill0/v8-tmp] to v9[var/druid/task/index_wikiticker_2016-04-16T23:01:32.299Z/work/wikiticker_2015-09-12T00:00:00.000Z_2015-09-13T00:00:00.000Z_2016-04-16T23:01:32.311Z_0/wikiticker_2015-09-12T00:00:00.000Z_2015-09-13T00:00:00.000Z_2016-04-16T23:01:32.311Z/spill0]
2016-04-16T23:01:45,666 INFO [task-runner-0-priority-0] io.druid.segment.IndexIO$DefaultIndexIOHandler - Processing file[dim_channel.drd]
2016-04-16T23:01:45,696 INFO [task-runner-0-priority-0] io.druid.segment.IndexIO$DefaultIndexIOHandler - Dimension[channel] is single value, converting...
2016-04-16T23:01:45,766 INFO [task-runner-0-priority-0] io.druid.segment.IndexIO$DefaultIndexIOHandler - Processing file[dim_cityName.drd]
2016-04-16T23:01:45,780 INFO [task-runner-0-priority-0] io.druid.segment.IndexIO$DefaultIndexIOHandler - Dimension[cityName] is single value, converting...
2016-04-16T23:01:45,780 INFO [task-runner-0-priority-0] io.druid.segment.IndexIO$DefaultIndexIOHandler - Dimension[cityName] has null rows.
2016-04-16T23:01:45,866 INFO [task-runner-0-priority-0] io.druid.segment.IndexIO$DefaultIndexIOHandler - Processing file[dim_comment.drd]
2016-04-16T23:01:45,887 INFO [task-runner-0-priority-0] io.druid.segment.IndexIO$DefaultIndexIOHandler - Dimension[comment] is single value, converting...
2016-04-16T23:01:45,925 INFO [task-runner-0-priority-0] io.druid.segment.IndexIO$DefaultIndexIOHandler - Processing file[dim_countryIsoCode.drd]
2016-04-16T23:01:45,937 INFO [task-runner-0-priority-0] io.druid.segment.IndexIO$DefaultIndexIOHandler - Dimension[countryIsoCode] is single value, converting...
2016-04-16T23:01:45,937 INFO [task-runner-0-priority-0] io.druid.segment.IndexIO$DefaultIndexIOHandler - Dimension[countryIsoCode] has null rows.
2016-04-16T23:01:45,966 INFO [task-runner-0-priority-0] io.druid.segment.IndexIO$DefaultIndexIOHandler - Processing file[dim_countryName.drd]
2016-04-16T23:01:45,971 INFO [task-runner-0-priority-0] io.druid.segment.IndexIO$DefaultIndexIOHandler - Dimension[countryName] is single value, converting...
2016-04-16T23:01:45,972 INFO [task-runner-0-priority-0] io.druid.segment.IndexIO$DefaultIndexIOHandler - Dimension[countryName] has null rows.
2016-04-16T23:01:46,003 INFO [task-runner-0-priority-0] io.druid.segment.IndexIO$DefaultIndexIOHandler - Processing file[dim_isAnonymous.drd]
2016-04-16T23:01:46,008 INFO [task-runner-0-priority-0] io.druid.segment.IndexIO$DefaultIndexIOHandler - Dimension[isAnonymous] is single value, converting...
2016-04-16T23:01:46,036 INFO [task-runner-0-priority-0] io.druid.segment.IndexIO$DefaultIndexIOHandler - Processing file[dim_isMinor.drd]
2016-04-16T23:01:46,042 INFO [task-runner-0-priority-0] io.druid.segment.IndexIO$DefaultIndexIOHandler - Dimension[isMinor] is single value, converting...
2016-04-16T23:01:46,082 INFO [task-runner-0-priority-0] io.druid.segment.IndexIO$DefaultIndexIOHandler - Processing file[dim_isNew.drd]
2016-04-16T23:01:46,088 INFO [task-runner-0-priority-0] io.druid.segment.IndexIO$DefaultIndexIOHandler - Dimension[isNew] is single value, converting...
2016-04-16T23:01:46,114 INFO [task-runner-0-priority-0] io.druid.segment.IndexIO$DefaultIndexIOHandler - Processing file[dim_isRobot.drd]
2016-04-16T23:01:46,119 INFO [task-runner-0-priority-0] io.druid.segment.IndexIO$DefaultIndexIOHandler - Dimension[isRobot] is single value, converting...
2016-04-16T23:01:46,165 INFO [task-runner-0-priority-0] io.druid.segment.IndexIO$DefaultIndexIOHandler - Processing file[dim_isUnpatrolled.drd]
2016-04-16T23:01:46,170 INFO [task-runner-0-priority-0] io.druid.segment.IndexIO$DefaultIndexIOHandler - Dimension[isUnpatrolled] is single value, converting...
2016-04-16T23:01:46,198 INFO [task-runner-0-priority-0] io.druid.segment.IndexIO$DefaultIndexIOHandler - Processing file[dim_metroCode.drd]
2016-04-16T23:01:46,204 INFO [task-runner-0-priority-0] io.druid.segment.IndexIO$DefaultIndexIOHandler - Dimension[metroCode] is single value, converting...
2016-04-16T23:01:46,204 INFO [task-runner-0-priority-0] io.druid.segment.IndexIO$DefaultIndexIOHandler - Dimension[metroCode] has null rows.
2016-04-16T23:01:46,219 INFO [task-runner-0-priority-0] io.druid.segment.IndexIO$DefaultIndexIOHandler - Processing file[dim_namespace.drd]
2016-04-16T23:01:46,224 INFO [task-runner-0-priority-0] io.druid.segment.IndexIO$DefaultIndexIOHandler - Dimension[namespace] is single value, converting...
2016-04-16T23:01:46,253 INFO [task-runner-0-priority-0] io.druid.segment.IndexIO$DefaultIndexIOHandler - Processing file[dim_page.drd]
2016-04-16T23:01:46,258 INFO [task-runner-0-priority-0] io.druid.segment.IndexIO$DefaultIndexIOHandler - Dimension[page] is single value, converting...
2016-04-16T23:01:46,276 INFO [task-runner-0-priority-0] io.druid.segment.IndexIO$DefaultIndexIOHandler - Processing file[dim_regionIsoCode.drd]
2016-04-16T23:01:46,281 INFO [task-runner-0-priority-0] io.druid.segment.IndexIO$DefaultIndexIOHandler - Dimension[regionIsoCode] is single value, converting...
2016-04-16T23:01:46,281 INFO [task-runner-0-priority-0] io.druid.segment.IndexIO$DefaultIndexIOHandler - Dimension[regionIsoCode] has null rows.
2016-04-16T23:01:46,303 INFO [task-runner-0-priority-0] io.druid.segment.IndexIO$DefaultIndexIOHandler - Processing file[dim_regionName.drd]
2016-04-16T23:01:46,308 INFO [task-runner-0-priority-0] io.druid.segment.IndexIO$DefaultIndexIOHandler - Dimension[regionName] is single value, converting...
2016-04-16T23:01:46,308 INFO [task-runner-0-priority-0] io.druid.segment.IndexIO$DefaultIndexIOHandler - Dimension[regionName] has null rows.
2016-04-16T23:01:46,331 INFO [task-runner-0-priority-0] io.druid.segment.IndexIO$DefaultIndexIOHandler - Processing file[dim_user.drd]
2016-04-16T23:01:46,335 INFO [task-runner-0-priority-0] io.druid.segment.IndexIO$DefaultIndexIOHandler - Dimension[user] is single value, converting...
2016-04-16T23:01:46,353 INFO [task-runner-0-priority-0] io.druid.segment.IndexIO$DefaultIndexIOHandler - Processing file[index.drd]
2016-04-16T23:01:46,354 INFO [task-runner-0-priority-0] io.druid.segment.IndexIO$DefaultIndexIOHandler - Processing file[inverted.drd]
2016-04-16T23:01:46,354 INFO [task-runner-0-priority-0] io.druid.segment.IndexIO$DefaultIndexIOHandler - Processing file[met_added_LITTLE_ENDIAN.drd]
2016-04-16T23:01:46,365 INFO [task-runner-0-priority-0] io.druid.segment.IndexIO$DefaultIndexIOHandler - Processing file[met_count_LITTLE_ENDIAN.drd]
2016-04-16T23:01:46,366 INFO [task-runner-0-priority-0] io.druid.segment.IndexIO$DefaultIndexIOHandler - Processing file[met_deleted_LITTLE_ENDIAN.drd]
2016-04-16T23:01:46,367 INFO [task-runner-0-priority-0] io.druid.segment.IndexIO$DefaultIndexIOHandler - Processing file[met_delta_LITTLE_ENDIAN.drd]
2016-04-16T23:01:46,371 INFO [task-runner-0-priority-0] io.druid.segment.IndexIO$DefaultIndexIOHandler - Processing file[met_user_unique_LITTLE_ENDIAN.drd]
2016-04-16T23:01:46,376 INFO [task-runner-0-priority-0] io.druid.segment.IndexIO$DefaultIndexIOHandler - Processing file[metadata.drd]
2016-04-16T23:01:46,376 INFO [task-runner-0-priority-0] io.druid.segment.IndexIO$DefaultIndexIOHandler - Processing file[spatial.drd]
2016-04-16T23:01:46,376 INFO [task-runner-0-priority-0] io.druid.segment.IndexIO$DefaultIndexIOHandler - Processing file[time_LITTLE_ENDIAN.drd]
2016-04-16T23:01:46,381 INFO [task-runner-0-priority-0] io.druid.segment.IndexIO$DefaultIndexIOHandler - Skipped files[[index.drd, inverted.drd, metadata.drd, spatial.drd]]
2016-04-16T23:01:46,383 INFO [task-runner-0-priority-0] io.druid.segment.ReferenceCountingSegment - Closing wikiticker_2015-09-12T00:00:00.000Z_2015-09-13T00:00:00.000Z_2016-04-16T23:01:32.311Z
2016-04-16T23:01:46,383 INFO [task-runner-0-priority-0] io.druid.segment.ReferenceCountingSegment - Closing wikiticker_2015-09-12T00:00:00.000Z_2015-09-13T00:00:00.000Z_2016-04-16T23:01:32.311Z, numReferences: 0
2016-04-16T23:01:46,426 INFO [task-runner-0-priority-0] io.druid.segment.loading.LocalDataSegmentPusher - Copying segment[wikiticker_2015-09-12T00:00:00.000Z_2015-09-13T00:00:00.000Z_2016-04-16T23:01:32.311Z] to local filesystem at location[var/druid/segments/wikiticker/2015-09-12T00:00:00.000Z_2015-09-13T00:00:00.000Z/2016-04-16T23:01:32.311Z/0]
2016-04-16T23:01:46,427 INFO [task-runner-0-priority-0] io.druid.segment.loading.LocalDataSegmentPusher - Compressing files from[var/druid/task/index_wikiticker_2016-04-16T23:01:32.299Z/work/wikiticker_2015-09-12T00:00:00.000Z_2015-09-13T00:00:00.000Z_2016-04-16T23:01:32.311Z_0/wikiticker_2015-09-12T00:00:00.000Z_2015-09-13T00:00:00.000Z_2016-04-16T23:01:32.311Z/spill0] to [var/druid/segments/wikiticker/2015-09-12T00:00:00.000Z_2015-09-13T00:00:00.000Z/2016-04-16T23:01:32.311Z/0/index.zip]
2016-04-16T23:01:46,447 INFO [task-runner-0-priority-0] com.metamx.common.CompressionUtils - Adding file[var/druid/task/index_wikiticker_2016-04-16T23:01:32.299Z/work/wikiticker_2015-09-12T00:00:00.000Z_2015-09-13T00:00:00.000Z_2016-04-16T23:01:32.311Z_0/wikiticker_2015-09-12T00:00:00.000Z_2015-09-13T00:00:00.000Z_2016-04-16T23:01:32.311Z/spill0/version.bin] with size[4].  Total size so far[0]
2016-04-16T23:01:46,448 INFO [task-runner-0-priority-0] com.metamx.common.CompressionUtils - Adding file[var/druid/task/index_wikiticker_2016-04-16T23:01:32.299Z/work/wikiticker_2015-09-12T00:00:00.000Z_2015-09-13T00:00:00.000Z_2016-04-16T23:01:32.311Z_0/wikiticker_2015-09-12T00:00:00.000Z_2015-09-13T00:00:00.000Z_2016-04-16T23:01:32.311Z/spill0/00000.smoosh] with size[5,536,912].  Total size so far[4]
2016-04-16T23:01:47,098 INFO [task-runner-0-priority-0] com.metamx.common.CompressionUtils - Adding file[var/druid/task/index_wikiticker_2016-04-16T23:01:32.299Z/work/wikiticker_2015-09-12T00:00:00.000Z_2015-09-13T00:00:00.000Z_2016-04-16T23:01:32.311Z_0/wikiticker_2015-09-12T00:00:00.000Z_2015-09-13T00:00:00.000Z_2016-04-16T23:01:32.311Z/spill0/meta.smoosh] with size[659].  Total size so far[5,536,916]
2016-04-16T23:01:47,102 INFO [task-runner-0-priority-0] io.druid.segment.loading.LocalDataSegmentPusher - Creating descriptor file at[var/druid/segments/wikiticker/2015-09-12T00:00:00.000Z_2015-09-13T00:00:00.000Z/2016-04-16T23:01:32.311Z/0/descriptor.json]
2016-04-16T23:01:47,117 INFO [task-runner-0-priority-0] io.druid.indexing.common.index.YeOldePlumberSchool - Uploaded segment[wikiticker_2015-09-12T00:00:00.000Z_2015-09-13T00:00:00.000Z_2016-04-16T23:01:32.311Z]
2016-04-16T23:01:47,117 INFO [task-runner-0-priority-0] io.druid.indexing.common.index.YeOldePlumberSchool - Deleting Index File[var/druid/task/index_wikiticker_2016-04-16T23:01:32.299Z/work/wikiticker_2015-09-12T00:00:00.000Z_2015-09-13T00:00:00.000Z_2016-04-16T23:01:32.311Z_0/wikiticker_2015-09-12T00:00:00.000Z_2015-09-13T00:00:00.000Z_2016-04-16T23:01:32.311Z/spill0]
2016-04-16T23:01:47,124 INFO [task-runner-0-priority-0] io.druid.indexing.common.task.IndexTask - Task[index_wikiticker_2016-04-16T23:01:32.299Z] interval[2015-09-12T00:00:00.000Z/2015-09-13T00:00:00.000Z] partition[0] took in 39,244 rows (39,244 processed, 0 unparseable, 0 thrown away) and output 39,244 rows
2016-04-16T23:01:47,135 INFO [task-runner-0-priority-0] io.druid.indexing.common.actions.RemoteTaskActionClient - Performing action for task[index_wikiticker_2016-04-16T23:01:32.299Z]: SegmentInsertAction{segments=[DataSegment{size=5537575, shardSpec=NoneShardSpec, metrics=[count, added, deleted, delta, user_unique], dimensions=[channel, cityName, comment, countryIsoCode, countryName, isAnonymous, isMinor, isNew, isRobot, isUnpatrolled, metroCode, namespace, page, regionIsoCode, regionName, user], version='2016-04-16T23:01:32.311Z', loadSpec={type=local, path=var/druid/segments/wikiticker/2015-09-12T00:00:00.000Z_2015-09-13T00:00:00.000Z/2016-04-16T23:01:32.311Z/0/index.zip}, interval=2015-09-12T00:00:00.000Z/2015-09-13T00:00:00.000Z, dataSource='wikiticker', binaryVersion='9'}]}
2016-04-16T23:01:47,141 INFO [task-runner-0-priority-0] io.druid.indexing.common.actions.RemoteTaskActionClient - Submitting action for task[index_wikiticker_2016-04-16T23:01:32.299Z] to overlord[http://overlord:8090/druid/indexer/v1/action]: SegmentInsertAction{segments=[DataSegment{size=5537575, shardSpec=NoneShardSpec, metrics=[count, added, deleted, delta, user_unique], dimensions=[channel, cityName, comment, countryIsoCode, countryName, isAnonymous, isMinor, isNew, isRobot, isUnpatrolled, metroCode, namespace, page, regionIsoCode, regionName, user], version='2016-04-16T23:01:32.311Z', loadSpec={type=local, path=var/druid/segments/wikiticker/2015-09-12T00:00:00.000Z_2015-09-13T00:00:00.000Z/2016-04-16T23:01:32.311Z/0/index.zip}, interval=2015-09-12T00:00:00.000Z/2015-09-13T00:00:00.000Z, dataSource='wikiticker', binaryVersion='9'}]}
2016-04-16T23:01:47,263 INFO [task-runner-0-priority-0] io.druid.indexing.worker.executor.ExecutorLifecycle - Task completed with status: {
  "id" : "index_wikiticker_2016-04-16T23:01:32.299Z",
  "status" : "SUCCESS",
  "duration" : 9648
}
2016-04-16T23:01:47,272 INFO [main] com.metamx.common.lifecycle.Lifecycle$AnnotationBasedHandler - Invoking stop method[public void io.druid.server.coordination.AbstractDataSegmentAnnouncer.stop()] on object[io.druid.server.coordination.BatchDataSegmentAnnouncer@32120956].
2016-04-16T23:01:47,272 INFO [main] io.druid.server.coordination.AbstractDataSegmentAnnouncer - Stopping class io.druid.server.coordination.BatchDataSegmentAnnouncer with config[io.druid.server.initialization.ZkPathsConfig@22e2266d]
2016-04-16T23:01:47,272 INFO [main] io.druid.curator.announcement.Announcer - unannouncing [/druid/announcements/middle_manager:8100]
2016-04-16T23:01:47,298 INFO [main] org.eclipse.jetty.server.ServerConnector - Stopped ServerConnector@7f287b98{HTTP/1.1}{0.0.0.0:8100}
2016-04-16T23:01:47,301 INFO [main] org.eclipse.jetty.server.handler.ContextHandler - Stopped o.e.j.s.ServletContextHandler@546394ed{/,null,UNAVAILABLE}
2016-04-16T23:01:47,303 INFO [main] com.metamx.common.lifecycle.Lifecycle$AnnotationBasedHandler - Invoking stop method[public void io.druid.indexing.worker.executor.ExecutorLifecycle.stop() throws java.lang.Exception] on object[io.druid.indexing.worker.executor.ExecutorLifecycle@4f89331f].
2016-04-16T23:01:47,303 INFO [main] com.metamx.common.lifecycle.Lifecycle$AnnotationBasedHandler - Invoking stop method[public void io.druid.indexing.overlord.ThreadPoolTaskRunner.stop()] on object[io.druid.indexing.overlord.ThreadPoolTaskRunner@7e1ffe70].
2016-04-16T23:01:47,304 INFO [main] com.metamx.common.lifecycle.Lifecycle$AnnotationBasedHandler - Invoking stop method[public void io.druid.curator.discovery.ServerDiscoverySelector.stop() throws java.io.IOException] on object[io.druid.curator.discovery.ServerDiscoverySelector@2cae9b8].
2016-04-16T23:01:47,310 INFO [main] com.metamx.common.lifecycle.Lifecycle$AnnotationBasedHandler - Invoking stop method[public void io.druid.curator.announcement.Announcer.stop()] on object[io.druid.curator.announcement.Announcer@50fb33a].
2016-04-16T23:01:47,310 INFO [main] com.metamx.common.lifecycle.Lifecycle$AnnotationBasedHandler - Invoking stop method[public void io.druid.curator.discovery.ServerDiscoverySelector.stop() throws java.io.IOException] on object[io.druid.curator.discovery.ServerDiscoverySelector@1b1f5012].
2016-04-16T23:01:47,310 INFO [main] io.druid.curator.CuratorModule - Stopping Curator
2016-04-16T23:01:47,317 INFO [main-EventThread] org.apache.zookeeper.ClientCnxn - EventThread shut down
2016-04-16T23:01:47,317 INFO [main] org.apache.zookeeper.ZooKeeper - Session: 0x1542149ba0b0006 closed
2016-04-16T23:01:47,317 INFO [main] com.metamx.common.lifecycle.Lifecycle$AnnotationBasedHandler - Invoking stop method[public void com.metamx.http.client.NettyHttpClient.stop()] on object[com.metamx.http.client.NettyHttpClient@673919a7].
2016-04-16T23:01:47,333 INFO [main] com.metamx.common.lifecycle.Lifecycle$AnnotationBasedHandler - Invoking stop method[public void io.druid.server.namespace.NamespacedExtractionModule$NamespaceStaticConfiguration.stop()] on object[io.druid.server.namespace.NamespacedExtractionModule$NamespaceStaticConfiguration@7899de11].
2016-04-16T23:01:47,334 INFO [main] com.metamx.common.lifecycle.Lifecycle$AnnotationBasedHandler - Invoking stop method[public void com.metamx.metrics.MonitorScheduler.stop()] on object[com.metamx.metrics.MonitorScheduler@fd9ebde].
2016-04-16T23:01:47,334 INFO [main] com.metamx.common.lifecycle.Lifecycle$AnnotationBasedHandler - Invoking stop method[public void com.metamx.emitter.service.ServiceEmitter.close() throws java.io.IOException] on object[com.metamx.emitter.service.ServiceEmitter@1e0895f5].
2016-04-16T23:01:47,334 INFO [main] com.metamx.emitter.core.LoggingEmitter - Close: started [false]
2016-04-16T23:01:47,334 INFO [main] com.metamx.common.lifecycle.Lifecycle$AnnotationBasedHandler - Invoking stop method[public void io.druid.initialization.Log4jShutterDownerModule$Log4jShutterDowner.stop()] on object[io.druid.initialization.Log4jShutterDownerModule$Log4jShutterDowner@60cf62ad].
