2016-04-16T18:59:48,592 INFO [main] io.druid.guice.PropertiesModule - Loading properties from common.runtime.properties
2016-04-16T18:59:48,601 INFO [main] io.druid.guice.PropertiesModule - Loading properties from runtime.properties
2016-04-16T18:59:48,647 INFO [main] org.hibernate.validator.internal.util.Version - HV000001: Hibernate Validator 5.1.3.Final
2016-04-16T18:59:49,256 INFO [main] io.druid.guice.JsonConfigurator - Loaded class[class io.druid.guice.ExtensionsConfig] from props[druid.extensions.] as [ExtensionsConfig{searchCurrentClassloader=true, directory='extensions', hadoopDependenciesDir='hadoop-dependencies', loadList=[druid-namespace-lookup, mysql-metadata-storage]}]
2016-04-16T18:59:49,264 INFO [main] io.druid.initialization.Initialization - Loading extension [druid-namespace-lookup] for class [io.druid.cli.CliCommandCreator]
2016-04-16T18:59:49,274 INFO [main] io.druid.initialization.Initialization - added URL[file:/opt/druid/extensions/druid-namespace-lookup/druid-namespace-lookup-0.9.0.jar]
2016-04-16T18:59:49,275 INFO [main] io.druid.initialization.Initialization - Loading extension [mysql-metadata-storage] for class [io.druid.cli.CliCommandCreator]
2016-04-16T18:59:49,276 INFO [main] io.druid.initialization.Initialization - added URL[file:/opt/druid/extensions/mysql-metadata-storage/mysql-connector-java-5.1.34.jar]
2016-04-16T18:59:49,276 INFO [main] io.druid.initialization.Initialization - added URL[file:/opt/druid/extensions/mysql-metadata-storage/mysql-metadata-storage-0.9.0.jar]
2016-04-16T18:59:49,582 INFO [main] io.druid.initialization.Initialization - Loading extension [druid-namespace-lookup] for class [io.druid.initialization.DruidModule]
2016-04-16T18:59:49,587 INFO [main] io.druid.initialization.Initialization - Adding local file system extension module [io.druid.server.namespace.NamespacedExtractionModule] for class [io.druid.initialization.DruidModule]
2016-04-16T18:59:49,587 INFO [main] io.druid.initialization.Initialization - Loading extension [mysql-metadata-storage] for class [io.druid.initialization.DruidModule]
2016-04-16T18:59:49,589 INFO [main] io.druid.initialization.Initialization - Adding local file system extension module [io.druid.metadata.storage.mysql.MySQLMetadataStorageModule] for class [io.druid.initialization.DruidModule]
2016-04-16T18:59:50,743 INFO [main] io.druid.guice.JsonConfigurator - Loaded class[class com.metamx.emitter.core.LoggingEmitterConfig] from props[druid.emitter.logging.] as [LoggingEmitterConfig{loggerClass='com.metamx.emitter.core.LoggingEmitter', logLevel='info'}]
2016-04-16T18:59:50,870 INFO [main] io.druid.guice.JsonConfigurator - Loaded class[class io.druid.server.metrics.DruidMonitorSchedulerConfig] from props[druid.monitoring.] as [io.druid.server.metrics.DruidMonitorSchedulerConfig@3a095ec0]
2016-04-16T18:59:50,907 INFO [main] io.druid.guice.JsonConfigurator - Loaded class[class io.druid.server.metrics.MonitorsConfig] from props[druid.monitoring.] as [MonitorsConfig{monitors=[class com.metamx.metrics.JvmMonitor]}]
2016-04-16T18:59:50,979 INFO [main] io.druid.guice.JsonConfigurator - Loaded class[class io.druid.server.DruidNode] from props[druid.] as [DruidNode{serviceName='druid/middleManager', host='jake-laptop', port=8100}]
2016-04-16T18:59:50,987 INFO [main] io.druid.server.metrics.MetricsModule - Adding monitor[com.metamx.metrics.JvmMonitor@7578e06a]
2016-04-16T18:59:51,012 INFO [main] io.druid.guice.JsonConfigurator - Loaded class[class io.druid.server.log.StartupLoggingConfig] from props[druid.startup.logging.] as [io.druid.server.log.StartupLoggingConfig@76954a33]
2016-04-16T18:59:51,013 INFO [main] io.druid.cli.CliPeon - Starting up with processors[4], memory[173,539,328].
2016-04-16T18:59:51,014 INFO [main] io.druid.cli.CliPeon - * awt.toolkit: sun.awt.X11.XToolkit
2016-04-16T18:59:51,014 INFO [main] io.druid.cli.CliPeon - * druid.emitter: logging
2016-04-16T18:59:51,015 INFO [main] io.druid.cli.CliPeon - * druid.emitter.logging.logLevel: info
2016-04-16T18:59:51,015 INFO [main] io.druid.cli.CliPeon - * druid.extensions.loadList: ["druid-namespace-lookup", "mysql-metadata-storage"]
2016-04-16T18:59:51,015 INFO [main] io.druid.cli.CliPeon - * druid.host: jake-laptop
2016-04-16T18:59:51,015 INFO [main] io.druid.cli.CliPeon - * druid.indexer.logs.directory: var/druid/indexing-logs
2016-04-16T18:59:51,015 INFO [main] io.druid.cli.CliPeon - * druid.indexer.logs.type: file
2016-04-16T18:59:51,016 INFO [main] io.druid.cli.CliPeon - * druid.indexer.runner.javaOpts: -server -Xmx2g -Duser.timezone=UTC -Dfile.encoding=UTF-8 -Djava.util.logging.manager=org.apache.logging.log4j.jul.LogManager
2016-04-16T18:59:51,016 INFO [main] io.druid.cli.CliPeon - * druid.indexer.task.baseTaskDir: var/druid/task
2016-04-16T18:59:51,016 INFO [main] io.druid.cli.CliPeon - * druid.indexer.task.defaultHadoopCoordinates: ["org.apache.hadoop:hadoop-client:2.3.0"]
2016-04-16T18:59:51,016 INFO [main] io.druid.cli.CliPeon - * druid.indexer.task.hadoopWorkingPath: var/druid/hadoop-tmp
2016-04-16T18:59:51,016 INFO [main] io.druid.cli.CliPeon - * druid.metadata.storage.connector.connectURI: jdbc:mysql://localhost:3306/druid
2016-04-16T18:59:51,016 INFO [main] io.druid.cli.CliPeon - * druid.metadata.storage.connector.password: root
2016-04-16T18:59:51,017 INFO [main] io.druid.cli.CliPeon - * druid.metadata.storage.connector.user: root
2016-04-16T18:59:51,017 INFO [main] io.druid.cli.CliPeon - * druid.metadata.storage.type: mysql
2016-04-16T18:59:51,017 INFO [main] io.druid.cli.CliPeon - * druid.metrics.emitter.dimension.dataSource: wikiticker
2016-04-16T18:59:51,017 INFO [main] io.druid.cli.CliPeon - * druid.metrics.emitter.dimension.taskId: index_wikiticker_2016-04-16T18:59:46.805Z
2016-04-16T18:59:51,017 INFO [main] io.druid.cli.CliPeon - * druid.monitoring.monitors: ["com.metamx.metrics.JvmMonitor"]
2016-04-16T18:59:51,017 INFO [main] io.druid.cli.CliPeon - * druid.port: 8100
2016-04-16T18:59:51,017 INFO [main] io.druid.cli.CliPeon - * druid.processing.buffer.sizeBytes: 256000000
2016-04-16T18:59:51,018 INFO [main] io.druid.cli.CliPeon - * druid.processing.numThreads: 2
2016-04-16T18:59:51,018 INFO [main] io.druid.cli.CliPeon - * druid.selectors.coordinator.serviceName: druid/coordinator
2016-04-16T18:59:51,018 INFO [main] io.druid.cli.CliPeon - * druid.selectors.indexing.serviceName: druid/overlord
2016-04-16T18:59:51,018 INFO [main] io.druid.cli.CliPeon - * druid.server.http.numThreads: 8
2016-04-16T18:59:51,018 INFO [main] io.druid.cli.CliPeon - * druid.service: druid/middleManager
2016-04-16T18:59:51,018 INFO [main] io.druid.cli.CliPeon - * druid.startup.logging.logProperties: true
2016-04-16T18:59:51,019 INFO [main] io.druid.cli.CliPeon - * druid.storage.storageDirectory: var/druid/segments
2016-04-16T18:59:51,019 INFO [main] io.druid.cli.CliPeon - * druid.storage.type: local
2016-04-16T18:59:51,019 INFO [main] io.druid.cli.CliPeon - * druid.worker.capacity: 3
2016-04-16T18:59:51,019 INFO [main] io.druid.cli.CliPeon - * druid.zk.paths.base: /druid
2016-04-16T18:59:51,019 INFO [main] io.druid.cli.CliPeon - * druid.zk.service.host: localhost
2016-04-16T18:59:51,020 INFO [main] io.druid.cli.CliPeon - * file.encoding: UTF-8
2016-04-16T18:59:51,020 INFO [main] io.druid.cli.CliPeon - * file.encoding.pkg: sun.io
2016-04-16T18:59:51,020 INFO [main] io.druid.cli.CliPeon - * file.separator: /
2016-04-16T18:59:51,020 INFO [main] io.druid.cli.CliPeon - * java.awt.graphicsenv: sun.awt.X11GraphicsEnvironment
2016-04-16T18:59:51,020 INFO [main] io.druid.cli.CliPeon - * java.awt.printerjob: sun.print.PSPrinterJob
2016-04-16T18:59:51,020 INFO [main] io.druid.cli.CliPeon - * java.class.path: conf/druid/_common:conf/druid/middleManager:lib/aether-api-0.9.0.M2.jar:lib/jetty-security-9.2.5.v20141112.jar:lib/aws-java-sdk-cloudwatchmetrics-1.10.21.jar:lib/jersey-guice-1.19.jar:lib/aws-java-sdk-cloudsearch-1.10.21.jar:lib/icu4j-4.8.1.jar:lib/aws-java-sdk-elasticloadbalancing-1.10.21.jar:lib/maven-repository-metadata-3.1.1.jar:lib/aws-java-sdk-cloudwatch-1.10.21.jar:lib/aws-java-sdk-directconnect-1.10.21.jar:lib/jackson-datatype-joda-2.4.6.jar:lib/aws-java-sdk-codepipeline-1.10.21.jar:lib/aws-java-sdk-cognitosync-1.10.21.jar:lib/curator-framework-2.9.1.jar:lib/extendedset-1.3.9.jar:lib/aws-java-sdk-cloudfront-1.10.21.jar:lib/druid-indexing-service-0.9.0.jar:lib/aether-connector-okhttp-0.0.9.jar:lib/aws-java-sdk-rds-1.10.21.jar:lib/http-client-1.0.4.jar:lib/jboss-logging-3.1.3.GA.jar:lib/aws-java-sdk-elastictranscoder-1.10.21.jar:lib/opencsv-2.3.jar:lib/javax.el-3.0.0.jar:lib/jackson-jaxrs-json-provider-2.4.6.jar:lib/derbyclient-10.11.1.1.jar:lib/commons-cli-1.2.jar:lib/aws-java-sdk-datapipeline-1.10.21.jar:lib/classmate-1.0.0.jar:lib/aws-java-sdk-elasticache-1.10.21.jar:lib/guice-4.0-beta.jar:lib/jetty-servlets-9.2.5.v20141112.jar:lib/bytebuffer-collections-0.2.4.jar:lib/druid-api-0.3.16.jar:lib/aether-connector-file-0.9.0.M2.jar:lib/druid-server-0.9.0.jar:lib/aws-java-sdk-workspaces-1.10.21.jar:lib/commons-pool-1.6.jar:lib/commons-logging-1.1.1.jar:lib/maven-model-3.1.1.jar:lib/plexus-utils-3.0.15.jar:lib/jetty-io-9.2.5.v20141112.jar:lib/emitter-0.3.6.jar:lib/aws-java-sdk-support-1.10.21.jar:lib/commons-io-2.4.jar:lib/aws-java-sdk-dynamodb-1.10.21.jar:lib/maxminddb-0.2.0.jar:lib/aws-java-sdk-directory-1.10.21.jar:lib/curator-client-2.9.1.jar:lib/httpcore-4.4.3.jar:lib/aws-java-sdk-cloudhsm-1.10.21.jar:lib/tesla-aether-0.0.5.jar:lib/commons-pool2-2.2.jar:lib/jsr311-api-1.1.1.jar:lib/aws-java-sdk-1.10.21.jar:lib/okhttp-1.0.2.jar:lib/jersey-server-1.19.jar:lib/aether-impl-0.9.0.M2.jar:lib/jackson-annotations-2.4.6.jar:lib/aws-java-sdk-importexport-1.10.21.jar:lib/jackson-mapper-asl-1.9.13.jar:lib/jetty-continuation-9.2.5.v20141112.jar:lib/mapdb-1.0.8.jar:lib/druid-services-0.9.0.jar:lib/spymemcached-2.11.7.jar:lib/protobuf-java-2.5.0.jar:lib/aws-java-sdk-codedeploy-1.10.21.jar:lib/lz4-1.3.0.jar:lib/druid-aws-common-0.9.0.jar:lib/curator-x-discovery-2.9.1.jar:lib/aws-java-sdk-s3-1.10.21.jar:lib/hibernate-validator-5.1.3.Final.jar:lib/aws-java-sdk-cognitoidentity-1.10.21.jar:lib/log4j-slf4j-impl-2.5.jar:lib/aws-java-sdk-elasticbeanstalk-1.10.21.jar:lib/aether-util-0.9.0.M2.jar:lib/aws-java-sdk-kms-1.10.21.jar:lib/xpp3-1.1.4c.jar:lib/google-http-client-1.15.0-rc.jar:lib/jackson-jaxrs-base-2.4.6.jar:lib/aws-java-sdk-iam-1.10.21.jar:lib/jackson-jaxrs-smile-provider-2.4.6.jar:lib/activation-1.1.1.jar:lib/aws-java-sdk-glacier-1.10.21.jar:lib/aws-java-sdk-simpleworkflow-1.10.21.jar:lib/jackson-core-asl-1.9.13.jar:lib/java-util-0.27.7.jar:lib/jetty-http-9.2.5.v20141112.jar:lib/log4j-1.2-api-2.5.jar:lib/wagon-provider-api-2.4.jar:lib/jersey-servlet-1.19.jar:lib/druid-common-0.9.0.jar:lib/aws-java-sdk-ecs-1.10.21.jar:lib/compress-lzf-1.0.3.jar:lib/aws-java-sdk-kinesis-1.10.21.jar:lib/joda-time-2.8.2.jar:lib/druid-indexing-hadoop-0.9.0.jar:lib/maven-settings-3.1.1.jar:lib/json-path-2.1.0.jar:lib/log4j-api-2.5.jar:lib/druid-processing-0.9.0.jar:lib/aws-java-sdk-autoscaling-1.10.21.jar:lib/aws-java-sdk-sqs-1.10.21.jar:lib/aws-java-sdk-codecommit-1.10.21.jar:lib/log4j-jul-2.5.jar:lib/aws-java-sdk-cloudformation-1.10.21.jar:lib/log4j-core-2.5.jar:lib/jetty-servlet-9.2.5.v20141112.jar:lib/maven-model-builder-3.1.1.jar:lib/aws-java-sdk-sts-1.10.21.jar:lib/rhino-1.7R5.jar:lib/jetty-util-9.2.5.v20141112.jar:lib/jackson-databind-2.4.6.jar:lib/jets3t-0.9.4.jar:lib/javax.el-api-3.0.0.jar:lib/aether-spi-0.9.0.M2.jar:lib/aws-java-sdk-efs-1.10.21.jar:lib/aws-java-sdk-ec2-1.10.21.jar:lib/aopalliance-1.0.jar:lib/guava-16.0.1.jar:lib/RoaringBitmap-0.5.16.jar:lib/zookeeper-3.4.6.jar:lib/derby-10.11.1.1.jar:lib/base64-2.3.8.jar:lib/irc-api-1.0-0014.jar:lib/aws-java-sdk-simpledb-1.10.21.jar:lib/jetty-server-9.2.5.v20141112.jar:lib/netty-3.10.4.Final.jar:lib/aws-java-sdk-route53-1.10.21.jar:lib/jcl-over-slf4j-1.7.12.jar:lib/javax.servlet-api-3.1.0.jar:lib/jsr305-2.0.1.jar:lib/aws-java-sdk-emr-1.10.21.jar:lib/aws-java-sdk-devicefarm-1.10.21.jar:lib/jackson-dataformat-smile-2.4.6.jar:lib/druid-console-0.0.2.jar:lib/validation-api-1.1.0.Final.jar:lib/geoip2-0.4.0.jar:lib/jetty-client-9.2.5.v20141112.jar:lib/jersey-core-1.19.jar:lib/config-magic-0.9.jar:lib/antlr4-runtime-4.0.jar:lib/aws-java-sdk-sns-1.10.21.jar:lib/airline-0.7.jar:lib/aws-java-sdk-swf-libraries-1.10.21.jar:lib/guice-multibindings-4.0-beta.jar:lib/jackson-core-2.4.6.jar:lib/annotations-2.0.3.jar:lib/jetty-proxy-9.2.5.v20141112.jar:lib/commons-lang-2.6.jar:lib/disruptor-3.3.0.jar:lib/aws-java-sdk-core-1.10.21.jar:lib/commons-codec-1.7.jar:lib/java-xmlbuilder-1.1.jar:lib/javax.inject-1.jar:lib/org.abego.treelayout.core-1.0.1.jar:lib/derbynet-10.11.1.1.jar:lib/slf4j-api-1.7.12.jar:lib/aws-java-sdk-lambda-1.10.21.jar:lib/maven-settings-builder-3.1.1.jar:lib/plexus-interpolation-1.19.jar:lib/maven-aether-provider-3.1.1.jar:lib/aws-java-sdk-machinelearning-1.10.21.jar:lib/aws-java-sdk-opsworks-1.10.21.jar:lib/aws-java-sdk-storagegateway-1.10.21.jar:lib/aws-java-sdk-cloudtrail-1.10.21.jar:lib/jdbi-2.63.1.jar:lib/server-metrics-0.2.8.jar:lib/bcprov-jdk15on-1.52.jar:lib/jackson-datatype-guava-2.4.6.jar:lib/httpclient-4.5.1.jar:lib/commons-dbcp2-2.0.1.jar:lib/google-http-client-jackson2-1.15.0-rc.jar:lib/aws-java-sdk-ssm-1.10.21.jar:lib/aws-java-sdk-config-1.10.21.jar:lib/aws-java-sdk-logs-1.10.21.jar:lib/aws-java-sdk-redshift-1.10.21.jar:lib/guice-servlet-4.0-beta.jar:lib/curator-recipes-2.9.1.jar:lib/jackson-module-jaxb-annotations-2.4.6.jar:lib/aws-java-sdk-ses-1.10.21.jar:lib/jline-0.9.94.jar
2016-04-16T18:59:51,021 INFO [main] io.druid.cli.CliPeon - * java.class.version: 52.0
2016-04-16T18:59:51,021 INFO [main] io.druid.cli.CliPeon - * java.endorsed.dirs: /usr/lib/jvm/java-8-openjdk-amd64/jre/lib/endorsed
2016-04-16T18:59:51,021 INFO [main] io.druid.cli.CliPeon - * java.ext.dirs: /usr/lib/jvm/java-8-openjdk-amd64/jre/lib/ext:/usr/java/packages/lib/ext
2016-04-16T18:59:51,021 INFO [main] io.druid.cli.CliPeon - * java.home: /usr/lib/jvm/java-8-openjdk-amd64/jre
2016-04-16T18:59:51,022 INFO [main] io.druid.cli.CliPeon - * java.io.tmpdir: var/tmp
2016-04-16T18:59:51,022 INFO [main] io.druid.cli.CliPeon - * java.library.path: /usr/java/packages/lib/amd64:/usr/lib/x86_64-linux-gnu/jni:/lib/x86_64-linux-gnu:/usr/lib/x86_64-linux-gnu:/usr/lib/jni:/lib:/usr/lib
2016-04-16T18:59:51,022 INFO [main] io.druid.cli.CliPeon - * java.runtime.name: OpenJDK Runtime Environment
2016-04-16T18:59:51,022 INFO [main] io.druid.cli.CliPeon - * java.runtime.version: 1.8.0_72-internal-b15
2016-04-16T18:59:51,022 INFO [main] io.druid.cli.CliPeon - * java.specification.name: Java Platform API Specification
2016-04-16T18:59:51,022 INFO [main] io.druid.cli.CliPeon - * java.specification.vendor: Oracle Corporation
2016-04-16T18:59:51,023 INFO [main] io.druid.cli.CliPeon - * java.specification.version: 1.8
2016-04-16T18:59:51,023 INFO [main] io.druid.cli.CliPeon - * java.util.logging.manager: org.apache.logging.log4j.jul.LogManager
2016-04-16T18:59:51,023 INFO [main] io.druid.cli.CliPeon - * java.vendor: Oracle Corporation
2016-04-16T18:59:51,023 INFO [main] io.druid.cli.CliPeon - * java.vendor.url: http://java.oracle.com/
2016-04-16T18:59:51,023 INFO [main] io.druid.cli.CliPeon - * java.vendor.url.bug: http://bugreport.sun.com/bugreport/
2016-04-16T18:59:51,024 INFO [main] io.druid.cli.CliPeon - * java.version: 1.8.0_72-internal
2016-04-16T18:59:51,024 INFO [main] io.druid.cli.CliPeon - * java.vm.info: mixed mode
2016-04-16T18:59:51,024 INFO [main] io.druid.cli.CliPeon - * java.vm.name: OpenJDK 64-Bit Server VM
2016-04-16T18:59:51,024 INFO [main] io.druid.cli.CliPeon - * java.vm.specification.name: Java Virtual Machine Specification
2016-04-16T18:59:51,024 INFO [main] io.druid.cli.CliPeon - * java.vm.specification.vendor: Oracle Corporation
2016-04-16T18:59:51,024 INFO [main] io.druid.cli.CliPeon - * java.vm.specification.version: 1.8
2016-04-16T18:59:51,024 INFO [main] io.druid.cli.CliPeon - * java.vm.vendor: Oracle Corporation
2016-04-16T18:59:51,025 INFO [main] io.druid.cli.CliPeon - * java.vm.version: 25.72-b15
2016-04-16T18:59:51,025 INFO [main] io.druid.cli.CliPeon - * line.separator: 

2016-04-16T18:59:51,025 INFO [main] io.druid.cli.CliPeon - * log4j.shutdownCallbackRegistry: io.druid.common.config.Log4jShutdown
2016-04-16T18:59:51,025 INFO [main] io.druid.cli.CliPeon - * log4j.shutdownHookEnabled: true
2016-04-16T18:59:51,025 INFO [main] io.druid.cli.CliPeon - * os.arch: amd64
2016-04-16T18:59:51,025 INFO [main] io.druid.cli.CliPeon - * os.name: Linux
2016-04-16T18:59:51,026 INFO [main] io.druid.cli.CliPeon - * os.version: 4.2.0-35-generic
2016-04-16T18:59:51,026 INFO [main] io.druid.cli.CliPeon - * path.separator: :
2016-04-16T18:59:51,026 INFO [main] io.druid.cli.CliPeon - * sun.arch.data.model: 64
2016-04-16T18:59:51,026 INFO [main] io.druid.cli.CliPeon - * sun.boot.class.path: /usr/lib/jvm/java-8-openjdk-amd64/jre/lib/resources.jar:/usr/lib/jvm/java-8-openjdk-amd64/jre/lib/rt.jar:/usr/lib/jvm/java-8-openjdk-amd64/jre/lib/sunrsasign.jar:/usr/lib/jvm/java-8-openjdk-amd64/jre/lib/jsse.jar:/usr/lib/jvm/java-8-openjdk-amd64/jre/lib/jce.jar:/usr/lib/jvm/java-8-openjdk-amd64/jre/lib/charsets.jar:/usr/lib/jvm/java-8-openjdk-amd64/jre/lib/jfr.jar:/usr/lib/jvm/java-8-openjdk-amd64/jre/classes
2016-04-16T18:59:51,026 INFO [main] io.druid.cli.CliPeon - * sun.boot.library.path: /usr/lib/jvm/java-8-openjdk-amd64/jre/lib/amd64
2016-04-16T18:59:51,026 INFO [main] io.druid.cli.CliPeon - * sun.cpu.endian: little
2016-04-16T18:59:51,027 INFO [main] io.druid.cli.CliPeon - * sun.cpu.isalist: 
2016-04-16T18:59:51,027 INFO [main] io.druid.cli.CliPeon - * sun.io.unicode.encoding: UnicodeLittle
2016-04-16T18:59:51,027 INFO [main] io.druid.cli.CliPeon - * sun.java.command: io.druid.cli.Main internal peon var/druid/task/index_wikiticker_2016-04-16T18:59:46.805Z/task.json var/druid/task/index_wikiticker_2016-04-16T18:59:46.805Z/07e72520-8e66-4902-a14a-66bedfac5aa2/status.json
2016-04-16T18:59:51,027 INFO [main] io.druid.cli.CliPeon - * sun.java.launcher: SUN_STANDARD
2016-04-16T18:59:51,027 INFO [main] io.druid.cli.CliPeon - * sun.jnu.encoding: UTF-8
2016-04-16T18:59:51,028 INFO [main] io.druid.cli.CliPeon - * sun.management.compiler: HotSpot 64-Bit Tiered Compilers
2016-04-16T18:59:51,028 INFO [main] io.druid.cli.CliPeon - * sun.os.patch.level: unknown
2016-04-16T18:59:51,028 INFO [main] io.druid.cli.CliPeon - * user.dir: /opt/druid
2016-04-16T18:59:51,028 INFO [main] io.druid.cli.CliPeon - * user.home: /root
2016-04-16T18:59:51,028 INFO [main] io.druid.cli.CliPeon - * user.language: en
2016-04-16T18:59:51,028 INFO [main] io.druid.cli.CliPeon - * user.name: root
2016-04-16T18:59:51,029 INFO [main] io.druid.cli.CliPeon - * user.timezone: UTC
2016-04-16T18:59:51,052 INFO [main] io.druid.guice.JsonConfigurator - Loaded class[class io.druid.server.initialization.NamespaceLookupStaticConfig] from props[druid.query.extraction.namespace.] as [io.druid.server.initialization.NamespaceLookupStaticConfig@878537d]
2016-04-16T18:59:51,101 INFO [main] io.druid.guice.JsonConfigurator - Loaded class[class io.druid.indexing.common.config.TaskConfig] from props[druid.indexer.task.] as [io.druid.indexing.common.config.TaskConfig@27fde870]
2016-04-16T18:59:51,110 INFO [main] io.druid.guice.JsonConfigurator - Loaded class[class io.druid.guice.http.DruidHttpClientConfig] from props[druid.global.http.] as [io.druid.guice.http.DruidHttpClientConfig@43effd89]
2016-04-16T18:59:51,339 INFO [main] io.druid.guice.JsonConfigurator - Loaded class[class io.druid.client.indexing.IndexingServiceSelectorConfig] from props[druid.selectors.indexing.] as [io.druid.client.indexing.IndexingServiceSelectorConfig@37c2eacb]
2016-04-16T18:59:51,349 INFO [main] io.druid.guice.JsonConfigurator - Loaded class[class io.druid.curator.CuratorConfig] from props[druid.zk.service.] as [io.druid.curator.CuratorConfig@6e1d4137]
2016-04-16T18:59:51,357 WARN [main] org.apache.curator.retry.ExponentialBackoffRetry - maxRetries too large (30). Pinning to 29
2016-04-16T18:59:51,407 INFO [main] io.druid.guice.JsonConfigurator - Loaded class[class io.druid.server.initialization.CuratorDiscoveryConfig] from props[druid.discovery.curator.] as [io.druid.server.initialization.CuratorDiscoveryConfig@51d143a1]
2016-04-16T18:59:51,861 INFO [main] io.druid.guice.JsonConfigurator - Loaded class[class io.druid.indexing.common.RetryPolicyConfig] from props[druid.peon.taskActionClient.retry.] as [io.druid.indexing.common.RetryPolicyConfig@86733]
2016-04-16T18:59:51,869 INFO [main] io.druid.guice.JsonConfigurator - Loaded class[class io.druid.segment.loading.LocalDataSegmentPusherConfig] from props[druid.storage.] as [io.druid.segment.loading.LocalDataSegmentPusherConfig@240f6c41]
2016-04-16T18:59:51,876 INFO [main] io.druid.segment.loading.LocalDataSegmentPusher - Configured local filesystem as deep storage
2016-04-16T18:59:51,896 INFO [main] io.druid.guice.JsonConfigurator - Loaded class[class io.druid.client.DruidServerConfig] from props[druid.server.] as [io.druid.client.DruidServerConfig@2776015d]
2016-04-16T18:59:51,908 INFO [main] io.druid.guice.JsonConfigurator - Loaded class[class io.druid.server.initialization.BatchDataSegmentAnnouncerConfig] from props[druid.announcer.] as [io.druid.server.initialization.BatchDataSegmentAnnouncerConfig@5a8cbffe]
2016-04-16T18:59:51,920 INFO [main] io.druid.guice.JsonConfigurator - Loaded class[class io.druid.server.initialization.ZkPathsConfig] from props[druid.zk.paths.] as [io.druid.server.initialization.ZkPathsConfig@22e2266d]
2016-04-16T18:59:51,931 INFO [main] io.druid.guice.JsonConfigurator - Loaded class[interface io.druid.server.coordination.DataSegmentAnnouncerProvider] from props[druid.announcer.] as [io.druid.server.coordination.BatchDataSegmentAnnouncerProvider@351f2244]
2016-04-16T18:59:51,936 INFO [main] io.druid.guice.JsonConfigurator - Loaded class[class io.druid.client.coordinator.CoordinatorSelectorConfig] from props[druid.selectors.coordinator.] as [io.druid.client.coordinator.CoordinatorSelectorConfig@7acfb656]
2016-04-16T18:59:51,950 INFO [main] io.druid.guice.JsonConfigurator - Loaded class[class io.druid.segment.realtime.plumber.CoordinatorBasedSegmentHandoffNotifierConfig] from props[druid.segment.handoff.] as [io.druid.segment.realtime.plumber.CoordinatorBasedSegmentHandoffNotifierConfig@68577ba8]
2016-04-16T18:59:51,956 INFO [main] org.skife.config.ConfigurationObjectFactory - Assigning value [256000000] for [druid.processing.buffer.sizeBytes] on [io.druid.query.DruidProcessingConfig#intermediateComputeSizeBytes()]
2016-04-16T18:59:51,981 INFO [main] org.skife.config.ConfigurationObjectFactory - Assigning value [2] for [druid.processing.numThreads] on [io.druid.query.DruidProcessingConfig#getNumThreads()]
2016-04-16T18:59:51,982 INFO [main] org.skife.config.ConfigurationObjectFactory - Using method itself for [druid.computation.buffer.poolCacheMaxCount, ${base_path}.buffer.poolCacheMaxCount] on [io.druid.query.DruidProcessingConfig#poolCacheMaxCount()]
2016-04-16T18:59:51,984 INFO [main] org.skife.config.ConfigurationObjectFactory - Using method itself for [${base_path}.columnCache.sizeBytes] on [io.druid.query.DruidProcessingConfig#columnCacheSizeBytes()]
2016-04-16T18:59:51,984 INFO [main] org.skife.config.ConfigurationObjectFactory - Using method itself for [${base_path}.fifo] on [io.druid.query.DruidProcessingConfig#isFifo()]
2016-04-16T18:59:51,985 INFO [main] org.skife.config.ConfigurationObjectFactory - Assigning default value [processing-%s] for [${base_path}.formatString] on [com.metamx.common.concurrent.ExecutorServiceConfig#getFormatString()]
2016-04-16T18:59:52,361 INFO [main] io.druid.guice.JsonConfigurator - Loaded class[class io.druid.query.search.search.SearchQueryConfig] from props[druid.query.search.] as [io.druid.query.search.search.SearchQueryConfig@5633dafd]
2016-04-16T18:59:52,366 INFO [main] io.druid.guice.JsonConfigurator - Loaded class[class io.druid.query.metadata.SegmentMetadataQueryConfig] from props[druid.query.segmentMetadata.] as [io.druid.query.metadata.SegmentMetadataQueryConfig@68e7c8c3]
2016-04-16T18:59:52,372 INFO [main] io.druid.guice.JsonConfigurator - Loaded class[class io.druid.query.groupby.GroupByQueryConfig] from props[druid.query.groupBy.] as [io.druid.query.groupby.GroupByQueryConfig@2f61d591]
2016-04-16T18:59:52,433 INFO [main] io.druid.guice.JsonConfigurator - Loaded class[class io.druid.query.topn.TopNQueryConfig] from props[druid.query.topN.] as [io.druid.query.topn.TopNQueryConfig@60859f5a]
2016-04-16T18:59:52,456 INFO [main] io.druid.guice.JsonConfigurator - Loaded class[interface io.druid.client.cache.CacheProvider] from props[druid.cache.] as [io.druid.client.cache.LocalCacheProvider@66420549]
2016-04-16T18:59:52,481 INFO [main] io.druid.guice.JsonConfigurator - Loaded class[class io.druid.client.cache.CacheConfig] from props[druid.realtime.cache.] as [io.druid.client.cache.CacheConfig@3e7c4815]
2016-04-16T18:59:52,534 INFO [main] io.druid.guice.JsonConfigurator - Loaded class[class io.druid.server.initialization.ServerConfig] from props[druid.server.http.] as [ServerConfig{numThreads=8, maxIdleTime=PT5M}]
2016-04-16T18:59:52,540 INFO [main] io.druid.guice.JsonConfigurator - Loaded class[interface io.druid.server.log.RequestLoggerProvider] from props[druid.request.logging.] as [io.druid.server.log.NoopRequestLoggerProvider@74d3b638]
2016-04-16T18:59:52,565 INFO [main] org.eclipse.jetty.util.log - Logging initialized @5364ms
2016-04-16T18:59:52,719 INFO [main] com.metamx.common.lifecycle.Lifecycle$AnnotationBasedHandler - Invoking start method[public void com.metamx.emitter.core.LoggingEmitter.start()] on object[com.metamx.emitter.core.LoggingEmitter@30e9ca13].
2016-04-16T18:59:52,719 INFO [main] com.metamx.emitter.core.LoggingEmitter - Start: started [true]
2016-04-16T18:59:52,720 INFO [main] com.metamx.common.lifecycle.Lifecycle$AnnotationBasedHandler - Invoking start method[public void io.druid.initialization.Log4jShutterDownerModule$Log4jShutterDowner.start()] on object[io.druid.initialization.Log4jShutterDownerModule$Log4jShutterDowner@60cf62ad].
2016-04-16T18:59:52,720 INFO [main] com.metamx.common.lifecycle.Lifecycle$AnnotationBasedHandler - Invoking start method[public void com.metamx.emitter.service.ServiceEmitter.start()] on object[com.metamx.emitter.service.ServiceEmitter@1e0895f5].
2016-04-16T18:59:52,721 INFO [main] com.metamx.common.lifecycle.Lifecycle$AnnotationBasedHandler - Invoking start method[public void com.metamx.metrics.MonitorScheduler.start()] on object[com.metamx.metrics.MonitorScheduler@fd9ebde].
2016-04-16T18:59:52,724 INFO [main] com.metamx.common.lifecycle.Lifecycle$AnnotationBasedHandler - Invoking start method[public void io.druid.server.namespace.NamespacedExtractionModule$NamespaceStaticConfiguration.start()] on object[io.druid.server.namespace.NamespacedExtractionModule$NamespaceStaticConfiguration@7899de11].
2016-04-16T18:59:52,724 INFO [main] io.druid.server.namespace.NamespacedExtractionModule - Loading configuration as static configuration
2016-04-16T18:59:52,726 INFO [main] io.druid.server.namespace.NamespacedExtractionModule - Loaded 0 namespace-lookup configuration
2016-04-16T18:59:52,728 INFO [main] com.metamx.common.lifecycle.Lifecycle$AnnotationBasedHandler - Invoking start method[public void com.metamx.http.client.NettyHttpClient.start()] on object[com.metamx.http.client.NettyHttpClient@673919a7].
2016-04-16T18:59:52,728 INFO [main] io.druid.curator.CuratorModule - Starting Curator
2016-04-16T18:59:52,728 INFO [main] org.apache.curator.framework.imps.CuratorFrameworkImpl - Starting
2016-04-16T18:59:52,742 INFO [main] org.apache.zookeeper.ZooKeeper - Client environment:zookeeper.version=3.4.6-1569965, built on 02/20/2014 09:09 GMT
2016-04-16T18:59:52,742 INFO [main] org.apache.zookeeper.ZooKeeper - Client environment:host.name=jake-laptop
2016-04-16T18:59:52,742 INFO [main] org.apache.zookeeper.ZooKeeper - Client environment:java.version=1.8.0_72-internal
2016-04-16T18:59:52,742 INFO [main] org.apache.zookeeper.ZooKeeper - Client environment:java.vendor=Oracle Corporation
2016-04-16T18:59:52,742 INFO [main] org.apache.zookeeper.ZooKeeper - Client environment:java.home=/usr/lib/jvm/java-8-openjdk-amd64/jre
2016-04-16T18:59:52,742 INFO [main] org.apache.zookeeper.ZooKeeper - Client environment:java.class.path=conf/druid/_common:conf/druid/middleManager:lib/aether-api-0.9.0.M2.jar:lib/jetty-security-9.2.5.v20141112.jar:lib/aws-java-sdk-cloudwatchmetrics-1.10.21.jar:lib/jersey-guice-1.19.jar:lib/aws-java-sdk-cloudsearch-1.10.21.jar:lib/icu4j-4.8.1.jar:lib/aws-java-sdk-elasticloadbalancing-1.10.21.jar:lib/maven-repository-metadata-3.1.1.jar:lib/aws-java-sdk-cloudwatch-1.10.21.jar:lib/aws-java-sdk-directconnect-1.10.21.jar:lib/jackson-datatype-joda-2.4.6.jar:lib/aws-java-sdk-codepipeline-1.10.21.jar:lib/aws-java-sdk-cognitosync-1.10.21.jar:lib/curator-framework-2.9.1.jar:lib/extendedset-1.3.9.jar:lib/aws-java-sdk-cloudfront-1.10.21.jar:lib/druid-indexing-service-0.9.0.jar:lib/aether-connector-okhttp-0.0.9.jar:lib/aws-java-sdk-rds-1.10.21.jar:lib/http-client-1.0.4.jar:lib/jboss-logging-3.1.3.GA.jar:lib/aws-java-sdk-elastictranscoder-1.10.21.jar:lib/opencsv-2.3.jar:lib/javax.el-3.0.0.jar:lib/jackson-jaxrs-json-provider-2.4.6.jar:lib/derbyclient-10.11.1.1.jar:lib/commons-cli-1.2.jar:lib/aws-java-sdk-datapipeline-1.10.21.jar:lib/classmate-1.0.0.jar:lib/aws-java-sdk-elasticache-1.10.21.jar:lib/guice-4.0-beta.jar:lib/jetty-servlets-9.2.5.v20141112.jar:lib/bytebuffer-collections-0.2.4.jar:lib/druid-api-0.3.16.jar:lib/aether-connector-file-0.9.0.M2.jar:lib/druid-server-0.9.0.jar:lib/aws-java-sdk-workspaces-1.10.21.jar:lib/commons-pool-1.6.jar:lib/commons-logging-1.1.1.jar:lib/maven-model-3.1.1.jar:lib/plexus-utils-3.0.15.jar:lib/jetty-io-9.2.5.v20141112.jar:lib/emitter-0.3.6.jar:lib/aws-java-sdk-support-1.10.21.jar:lib/commons-io-2.4.jar:lib/aws-java-sdk-dynamodb-1.10.21.jar:lib/maxminddb-0.2.0.jar:lib/aws-java-sdk-directory-1.10.21.jar:lib/curator-client-2.9.1.jar:lib/httpcore-4.4.3.jar:lib/aws-java-sdk-cloudhsm-1.10.21.jar:lib/tesla-aether-0.0.5.jar:lib/commons-pool2-2.2.jar:lib/jsr311-api-1.1.1.jar:lib/aws-java-sdk-1.10.21.jar:lib/okhttp-1.0.2.jar:lib/jersey-server-1.19.jar:lib/aether-impl-0.9.0.M2.jar:lib/jackson-annotations-2.4.6.jar:lib/aws-java-sdk-importexport-1.10.21.jar:lib/jackson-mapper-asl-1.9.13.jar:lib/jetty-continuation-9.2.5.v20141112.jar:lib/mapdb-1.0.8.jar:lib/druid-services-0.9.0.jar:lib/spymemcached-2.11.7.jar:lib/protobuf-java-2.5.0.jar:lib/aws-java-sdk-codedeploy-1.10.21.jar:lib/lz4-1.3.0.jar:lib/druid-aws-common-0.9.0.jar:lib/curator-x-discovery-2.9.1.jar:lib/aws-java-sdk-s3-1.10.21.jar:lib/hibernate-validator-5.1.3.Final.jar:lib/aws-java-sdk-cognitoidentity-1.10.21.jar:lib/log4j-slf4j-impl-2.5.jar:lib/aws-java-sdk-elasticbeanstalk-1.10.21.jar:lib/aether-util-0.9.0.M2.jar:lib/aws-java-sdk-kms-1.10.21.jar:lib/xpp3-1.1.4c.jar:lib/google-http-client-1.15.0-rc.jar:lib/jackson-jaxrs-base-2.4.6.jar:lib/aws-java-sdk-iam-1.10.21.jar:lib/jackson-jaxrs-smile-provider-2.4.6.jar:lib/activation-1.1.1.jar:lib/aws-java-sdk-glacier-1.10.21.jar:lib/aws-java-sdk-simpleworkflow-1.10.21.jar:lib/jackson-core-asl-1.9.13.jar:lib/java-util-0.27.7.jar:lib/jetty-http-9.2.5.v20141112.jar:lib/log4j-1.2-api-2.5.jar:lib/wagon-provider-api-2.4.jar:lib/jersey-servlet-1.19.jar:lib/druid-common-0.9.0.jar:lib/aws-java-sdk-ecs-1.10.21.jar:lib/compress-lzf-1.0.3.jar:lib/aws-java-sdk-kinesis-1.10.21.jar:lib/joda-time-2.8.2.jar:lib/druid-indexing-hadoop-0.9.0.jar:lib/maven-settings-3.1.1.jar:lib/json-path-2.1.0.jar:lib/log4j-api-2.5.jar:lib/druid-processing-0.9.0.jar:lib/aws-java-sdk-autoscaling-1.10.21.jar:lib/aws-java-sdk-sqs-1.10.21.jar:lib/aws-java-sdk-codecommit-1.10.21.jar:lib/log4j-jul-2.5.jar:lib/aws-java-sdk-cloudformation-1.10.21.jar:lib/log4j-core-2.5.jar:lib/jetty-servlet-9.2.5.v20141112.jar:lib/maven-model-builder-3.1.1.jar:lib/aws-java-sdk-sts-1.10.21.jar:lib/rhino-1.7R5.jar:lib/jetty-util-9.2.5.v20141112.jar:lib/jackson-databind-2.4.6.jar:lib/jets3t-0.9.4.jar:lib/javax.el-api-3.0.0.jar:lib/aether-spi-0.9.0.M2.jar:lib/aws-java-sdk-efs-1.10.21.jar:lib/aws-java-sdk-ec2-1.10.21.jar:lib/aopalliance-1.0.jar:lib/guava-16.0.1.jar:lib/RoaringBitmap-0.5.16.jar:lib/zookeeper-3.4.6.jar:lib/derby-10.11.1.1.jar:lib/base64-2.3.8.jar:lib/irc-api-1.0-0014.jar:lib/aws-java-sdk-simpledb-1.10.21.jar:lib/jetty-server-9.2.5.v20141112.jar:lib/netty-3.10.4.Final.jar:lib/aws-java-sdk-route53-1.10.21.jar:lib/jcl-over-slf4j-1.7.12.jar:lib/javax.servlet-api-3.1.0.jar:lib/jsr305-2.0.1.jar:lib/aws-java-sdk-emr-1.10.21.jar:lib/aws-java-sdk-devicefarm-1.10.21.jar:lib/jackson-dataformat-smile-2.4.6.jar:lib/druid-console-0.0.2.jar:lib/validation-api-1.1.0.Final.jar:lib/geoip2-0.4.0.jar:lib/jetty-client-9.2.5.v20141112.jar:lib/jersey-core-1.19.jar:lib/config-magic-0.9.jar:lib/antlr4-runtime-4.0.jar:lib/aws-java-sdk-sns-1.10.21.jar:lib/airline-0.7.jar:lib/aws-java-sdk-swf-libraries-1.10.21.jar:lib/guice-multibindings-4.0-beta.jar:lib/jackson-core-2.4.6.jar:lib/annotations-2.0.3.jar:lib/jetty-proxy-9.2.5.v20141112.jar:lib/commons-lang-2.6.jar:lib/disruptor-3.3.0.jar:lib/aws-java-sdk-core-1.10.21.jar:lib/commons-codec-1.7.jar:lib/java-xmlbuilder-1.1.jar:lib/javax.inject-1.jar:lib/org.abego.treelayout.core-1.0.1.jar:lib/derbynet-10.11.1.1.jar:lib/slf4j-api-1.7.12.jar:lib/aws-java-sdk-lambda-1.10.21.jar:lib/maven-settings-builder-3.1.1.jar:lib/plexus-interpolation-1.19.jar:lib/maven-aether-provider-3.1.1.jar:lib/aws-java-sdk-machinelearning-1.10.21.jar:lib/aws-java-sdk-opsworks-1.10.21.jar:lib/aws-java-sdk-storagegateway-1.10.21.jar:lib/aws-java-sdk-cloudtrail-1.10.21.jar:lib/jdbi-2.63.1.jar:lib/server-metrics-0.2.8.jar:lib/bcprov-jdk15on-1.52.jar:lib/jackson-datatype-guava-2.4.6.jar:lib/httpclient-4.5.1.jar:lib/commons-dbcp2-2.0.1.jar:lib/google-http-client-jackson2-1.15.0-rc.jar:lib/aws-java-sdk-ssm-1.10.21.jar:lib/aws-java-sdk-config-1.10.21.jar:lib/aws-java-sdk-logs-1.10.21.jar:lib/aws-java-sdk-redshift-1.10.21.jar:lib/guice-servlet-4.0-beta.jar:lib/curator-recipes-2.9.1.jar:lib/jackson-module-jaxb-annotations-2.4.6.jar:lib/aws-java-sdk-ses-1.10.21.jar:lib/jline-0.9.94.jar
2016-04-16T18:59:52,742 INFO [main] org.apache.zookeeper.ZooKeeper - Client environment:java.library.path=/usr/java/packages/lib/amd64:/usr/lib/x86_64-linux-gnu/jni:/lib/x86_64-linux-gnu:/usr/lib/x86_64-linux-gnu:/usr/lib/jni:/lib:/usr/lib
2016-04-16T18:59:52,742 INFO [main] org.apache.zookeeper.ZooKeeper - Client environment:java.io.tmpdir=var/tmp
2016-04-16T18:59:52,742 INFO [main] org.apache.zookeeper.ZooKeeper - Client environment:java.compiler=<NA>
2016-04-16T18:59:52,742 INFO [main] org.apache.zookeeper.ZooKeeper - Client environment:os.name=Linux
2016-04-16T18:59:52,742 INFO [main] org.apache.zookeeper.ZooKeeper - Client environment:os.arch=amd64
2016-04-16T18:59:52,742 INFO [main] org.apache.zookeeper.ZooKeeper - Client environment:os.version=4.2.0-35-generic
2016-04-16T18:59:52,743 INFO [main] org.apache.zookeeper.ZooKeeper - Client environment:user.name=root
2016-04-16T18:59:52,743 INFO [main] org.apache.zookeeper.ZooKeeper - Client environment:user.home=/root
2016-04-16T18:59:52,743 INFO [main] org.apache.zookeeper.ZooKeeper - Client environment:user.dir=/opt/druid
2016-04-16T18:59:52,744 INFO [main] org.apache.zookeeper.ZooKeeper - Initiating client connection, connectString=localhost sessionTimeout=30000 watcher=org.apache.curator.ConnectionState@2819c460
2016-04-16T18:59:52,773 INFO [main] com.metamx.common.lifecycle.Lifecycle$AnnotationBasedHandler - Invoking start method[public void io.druid.curator.discovery.ServerDiscoverySelector.start() throws java.lang.Exception] on object[io.druid.curator.discovery.ServerDiscoverySelector@1b1f5012].
2016-04-16T18:59:52,789 INFO [main-SendThread(localhost:2181)] org.apache.zookeeper.ClientCnxn - Opening socket connection to server localhost/127.0.0.1:2181. Will not attempt to authenticate using SASL (unknown error)
2016-04-16T18:59:52,809 INFO [main-SendThread(localhost:2181)] org.apache.zookeeper.ClientCnxn - Socket connection established to localhost/127.0.0.1:2181, initiating session
2016-04-16T18:59:52,825 INFO [main-SendThread(localhost:2181)] org.apache.zookeeper.ClientCnxn - Session establishment complete on server localhost/127.0.0.1:2181, sessionid = 0x1542065dffc0006, negotiated timeout = 30000
2016-04-16T18:59:52,831 INFO [main-EventThread] org.apache.curator.framework.state.ConnectionStateManager - State change: CONNECTED
2016-04-16T18:59:52,985 INFO [main] com.metamx.common.lifecycle.Lifecycle$AnnotationBasedHandler - Invoking start method[public void io.druid.curator.announcement.Announcer.start()] on object[io.druid.curator.announcement.Announcer@50fb33a].
2016-04-16T18:59:52,985 INFO [main] com.metamx.common.lifecycle.Lifecycle$AnnotationBasedHandler - Invoking start method[public void io.druid.curator.discovery.ServerDiscoverySelector.start() throws java.lang.Exception] on object[io.druid.curator.discovery.ServerDiscoverySelector@2cae9b8].
2016-04-16T18:59:52,997 INFO [main] com.metamx.common.lifecycle.Lifecycle$AnnotationBasedHandler - Invoking start method[public void io.druid.indexing.worker.executor.ExecutorLifecycle.start() throws java.lang.InterruptedException] on object[io.druid.indexing.worker.executor.ExecutorLifecycle@4f89331f].
2016-04-16T18:59:53,301 INFO [main] io.druid.indexing.worker.executor.ExecutorLifecycle - Running with task: {
  "type" : "index",
  "id" : "index_wikiticker_2016-04-16T18:59:46.805Z",
  "resource" : {
    "availabilityGroup" : "index_wikiticker_2016-04-16T18:59:46.805Z",
    "requiredCapacity" : 1
  },
  "spec" : {
    "dataSchema" : {
      "dataSource" : "wikiticker",
      "parser" : {
        "type" : "string",
        "parseSpec" : {
          "format" : "json",
          "dimensionsSpec" : {
            "dimensions" : [ "channel", "cityName", "comment", "countryIsoCode", "countryName", "isAnonymous", "isMinor", "isNew", "isRobot", "isUnpatrolled", "metroCode", "namespace", "page", "regionIsoCode", "regionName", "user" ]
          },
          "timestampSpec" : {
            "format" : "auto",
            "column" : "time"
          }
        }
      },
      "metricsSpec" : [ {
        "type" : "count",
        "name" : "count"
      }, {
        "type" : "longSum",
        "name" : "added",
        "fieldName" : "added"
      }, {
        "type" : "longSum",
        "name" : "deleted",
        "fieldName" : "deleted"
      }, {
        "type" : "longSum",
        "name" : "delta",
        "fieldName" : "delta"
      }, {
        "type" : "hyperUnique",
        "name" : "user_unique",
        "fieldName" : "user"
      } ],
      "granularitySpec" : {
        "type" : "uniform",
        "segmentGranularity" : "DAY",
        "queryGranularity" : {
          "type" : "none"
        },
        "intervals" : [ "2015-09-12T00:00:00.000Z/2015-09-13T00:00:00.000Z" ]
      }
    },
    "ioConfig" : {
      "type" : "index",
      "firehose" : null
    },
    "tuningConfig" : {
      "type" : "index",
      "targetPartitionSize" : 5000000,
      "rowFlushBoundary" : 500000,
      "numShards" : -1,
      "indexSpec" : {
        "bitmap" : {
          "type" : "concise"
        },
        "dimensionCompression" : null,
        "metricCompression" : null
      },
      "buildV9Directly" : false
    }
  },
  "context" : null,
  "groupId" : "index_wikiticker_2016-04-16T18:59:46.805Z",
  "dataSource" : "wikiticker",
  "interval" : "2015-09-12T00:00:00.000Z/2015-09-13T00:00:00.000Z"
}
2016-04-16T18:59:53,363 INFO [main] io.druid.indexing.worker.executor.ExecutorLifecycle - Attempting to lock file[var/druid/task/index_wikiticker_2016-04-16T18:59:46.805Z/lock].
2016-04-16T18:59:53,367 INFO [main] io.druid.indexing.worker.executor.ExecutorLifecycle - Acquired lock file[var/druid/task/index_wikiticker_2016-04-16T18:59:46.805Z/lock] in 3ms.
2016-04-16T18:59:53,383 INFO [main] io.druid.indexing.common.actions.RemoteTaskActionClient - Performing action for task[index_wikiticker_2016-04-16T18:59:46.805Z]: LockTryAcquireAction{interval=2015-09-12T00:00:00.000Z/2015-09-13T00:00:00.000Z}
2016-04-16T18:59:53,408 INFO [main] io.druid.indexing.common.actions.RemoteTaskActionClient - Submitting action for task[index_wikiticker_2016-04-16T18:59:46.805Z] to overlord[http://jake-laptop:8090/druid/indexer/v1/action]: LockTryAcquireAction{interval=2015-09-12T00:00:00.000Z/2015-09-13T00:00:00.000Z}
2016-04-16T18:59:53,457 INFO [main] com.metamx.http.client.pool.ChannelResourceFactory - Generating: http://jake-laptop:8090
2016-04-16T18:59:53,590 INFO [main] com.metamx.http.client.pool.ChannelResourceFactory - Generating: http://jake-laptop:8090
2016-04-16T18:59:53,591 INFO [main] com.metamx.http.client.pool.ChannelResourceFactory - Generating: http://jake-laptop:8090
2016-04-16T18:59:53,591 INFO [main] com.metamx.http.client.pool.ChannelResourceFactory - Generating: http://jake-laptop:8090
2016-04-16T18:59:53,592 INFO [main] com.metamx.http.client.pool.ChannelResourceFactory - Generating: http://jake-laptop:8090
2016-04-16T18:59:53,592 INFO [main] com.metamx.http.client.pool.ChannelResourceFactory - Generating: http://jake-laptop:8090
2016-04-16T18:59:53,592 INFO [main] com.metamx.http.client.pool.ChannelResourceFactory - Generating: http://jake-laptop:8090
2016-04-16T18:59:53,593 INFO [main] com.metamx.http.client.pool.ChannelResourceFactory - Generating: http://jake-laptop:8090
2016-04-16T18:59:53,593 INFO [main] com.metamx.http.client.pool.ChannelResourceFactory - Generating: http://jake-laptop:8090
2016-04-16T18:59:53,594 INFO [main] com.metamx.http.client.pool.ChannelResourceFactory - Generating: http://jake-laptop:8090
2016-04-16T18:59:53,594 INFO [main] com.metamx.http.client.pool.ChannelResourceFactory - Generating: http://jake-laptop:8090
2016-04-16T18:59:53,594 INFO [main] com.metamx.http.client.pool.ChannelResourceFactory - Generating: http://jake-laptop:8090
2016-04-16T18:59:53,594 INFO [main] com.metamx.http.client.pool.ChannelResourceFactory - Generating: http://jake-laptop:8090
2016-04-16T18:59:53,595 INFO [main] com.metamx.http.client.pool.ChannelResourceFactory - Generating: http://jake-laptop:8090
2016-04-16T18:59:53,595 INFO [main] com.metamx.http.client.pool.ChannelResourceFactory - Generating: http://jake-laptop:8090
2016-04-16T18:59:53,595 INFO [main] com.metamx.http.client.pool.ChannelResourceFactory - Generating: http://jake-laptop:8090
2016-04-16T18:59:53,612 INFO [main] com.metamx.http.client.pool.ChannelResourceFactory - Generating: http://jake-laptop:8090
2016-04-16T18:59:53,613 INFO [main] com.metamx.http.client.pool.ChannelResourceFactory - Generating: http://jake-laptop:8090
2016-04-16T18:59:53,615 INFO [main] com.metamx.http.client.pool.ChannelResourceFactory - Generating: http://jake-laptop:8090
2016-04-16T18:59:53,616 INFO [main] com.metamx.http.client.pool.ChannelResourceFactory - Generating: http://jake-laptop:8090
2016-04-16T18:59:53,865 INFO [task-runner-0-priority-0] io.druid.indexing.overlord.ThreadPoolTaskRunner - Running task: index_wikiticker_2016-04-16T18:59:46.805Z
2016-04-16T18:59:53,869 INFO [task-runner-0-priority-0] io.druid.indexing.common.actions.RemoteTaskActionClient - Performing action for task[index_wikiticker_2016-04-16T18:59:46.805Z]: LockListAction{}
2016-04-16T18:59:53,895 INFO [main] org.eclipse.jetty.server.Server - jetty-9.2.5.v20141112
2016-04-16T18:59:53,933 INFO [task-runner-0-priority-0] io.druid.indexing.common.actions.RemoteTaskActionClient - Submitting action for task[index_wikiticker_2016-04-16T18:59:46.805Z] to overlord[http://jake-laptop:8090/druid/indexer/v1/action]: LockListAction{}
2016-04-16T18:59:54,178 ERROR [task-runner-0-priority-0] io.druid.indexing.overlord.ThreadPoolTaskRunner - Exception while running task[IndexTask{id=index_wikiticker_2016-04-16T18:59:46.805Z, type=index, dataSource=wikiticker}]
java.lang.NullPointerException
	at io.druid.indexing.common.task.IndexTask.getDataIntervals(IndexTask.java:242) ~[druid-indexing-service-0.9.0.jar:0.9.0]
	at io.druid.indexing.common.task.IndexTask.run(IndexTask.java:200) ~[druid-indexing-service-0.9.0.jar:0.9.0]
	at io.druid.indexing.overlord.ThreadPoolTaskRunner$ThreadPoolTaskRunnerCallable.call(ThreadPoolTaskRunner.java:338) [druid-indexing-service-0.9.0.jar:0.9.0]
	at io.druid.indexing.overlord.ThreadPoolTaskRunner$ThreadPoolTaskRunnerCallable.call(ThreadPoolTaskRunner.java:318) [druid-indexing-service-0.9.0.jar:0.9.0]
	at java.util.concurrent.FutureTask.run(FutureTask.java:266) [?:1.8.0_72-internal]
	at java.util.concurrent.ThreadPoolExecutor.runWorker(ThreadPoolExecutor.java:1142) [?:1.8.0_72-internal]
	at java.util.concurrent.ThreadPoolExecutor$Worker.run(ThreadPoolExecutor.java:617) [?:1.8.0_72-internal]
	at java.lang.Thread.run(Thread.java:745) [?:1.8.0_72-internal]
2016-04-16T18:59:54,198 INFO [task-runner-0-priority-0] io.druid.indexing.worker.executor.ExecutorLifecycle - Task completed with status: {
  "id" : "index_wikiticker_2016-04-16T18:59:46.805Z",
  "status" : "FAILED",
  "duration" : 334
}
2016-04-16T18:59:54,482 INFO [main] com.sun.jersey.guice.spi.container.GuiceComponentProviderFactory - Registering com.fasterxml.jackson.jaxrs.json.JacksonJsonProvider as a provider class
2016-04-16T18:59:54,482 INFO [main] com.sun.jersey.guice.spi.container.GuiceComponentProviderFactory - Registering io.druid.server.initialization.jetty.CustomExceptionMapper as a provider class
2016-04-16T18:59:54,482 INFO [main] com.sun.jersey.guice.spi.container.GuiceComponentProviderFactory - Registering io.druid.server.StatusResource as a root resource class
2016-04-16T18:59:54,485 INFO [main] com.sun.jersey.server.impl.application.WebApplicationImpl - Initiating Jersey application, version 'Jersey: 1.19 02/11/2015 03:25 AM'
2016-04-16T18:59:54,597 INFO [main] com.sun.jersey.guice.spi.container.GuiceComponentProviderFactory - Binding io.druid.server.initialization.jetty.CustomExceptionMapper to GuiceManagedComponentProvider with the scope "Singleton"
2016-04-16T18:59:54,599 INFO [main] com.sun.jersey.guice.spi.container.GuiceComponentProviderFactory - Binding com.fasterxml.jackson.jaxrs.json.JacksonJsonProvider to GuiceManagedComponentProvider with the scope "Singleton"
2016-04-16T18:59:55,124 INFO [main] com.sun.jersey.guice.spi.container.GuiceComponentProviderFactory - Binding io.druid.server.namespace.http.NamespacesCacheResource to GuiceInstantiatedComponentProvider
2016-04-16T18:59:55,149 INFO [main] com.sun.jersey.guice.spi.container.GuiceComponentProviderFactory - Binding io.druid.server.QueryResource to GuiceInstantiatedComponentProvider
2016-04-16T18:59:55,152 INFO [main] com.sun.jersey.guice.spi.container.GuiceComponentProviderFactory - Binding io.druid.segment.realtime.firehose.ChatHandlerResource to GuiceInstantiatedComponentProvider
2016-04-16T18:59:55,153 INFO [main] com.sun.jersey.guice.spi.container.GuiceComponentProviderFactory - Binding io.druid.server.StatusResource to GuiceManagedComponentProvider with the scope "Undefined"
2016-04-16T18:59:55,192 INFO [main] org.eclipse.jetty.server.handler.ContextHandler - Started o.e.j.s.ServletContextHandler@3e3cd6fe{/,null,AVAILABLE}
2016-04-16T18:59:55,205 INFO [main] org.eclipse.jetty.server.ServerConnector - Started ServerConnector@57717eb5{HTTP/1.1}{0.0.0.0:8100}
2016-04-16T18:59:55,206 INFO [main] org.eclipse.jetty.server.Server - Started @8012ms
2016-04-16T18:59:55,208 INFO [main] com.metamx.common.lifecycle.Lifecycle$AnnotationBasedHandler - Invoking start method[public void io.druid.server.coordination.AbstractDataSegmentAnnouncer.start()] on object[io.druid.server.coordination.BatchDataSegmentAnnouncer@1f43cab7].
2016-04-16T18:59:55,208 INFO [main] io.druid.server.coordination.AbstractDataSegmentAnnouncer - Announcing self[DruidServerMetadata{name='jake-laptop:8100', host='jake-laptop:8100', maxSize=0, tier='_default_tier', type='indexer-executor', priority='0'}] at [/druid/announcements/jake-laptop:8100]
2016-04-16T18:59:55,247 INFO [main] com.metamx.common.lifecycle.Lifecycle$AnnotationBasedHandler - Invoking stop method[public void io.druid.server.coordination.AbstractDataSegmentAnnouncer.stop()] on object[io.druid.server.coordination.BatchDataSegmentAnnouncer@1f43cab7].
2016-04-16T18:59:55,248 INFO [main] io.druid.server.coordination.AbstractDataSegmentAnnouncer - Stopping class io.druid.server.coordination.BatchDataSegmentAnnouncer with config[io.druid.server.initialization.ZkPathsConfig@22e2266d]
2016-04-16T18:59:55,248 INFO [main] io.druid.curator.announcement.Announcer - unannouncing [/druid/announcements/jake-laptop:8100]
2016-04-16T18:59:55,318 INFO [main] org.eclipse.jetty.server.ServerConnector - Stopped ServerConnector@57717eb5{HTTP/1.1}{0.0.0.0:8100}
2016-04-16T18:59:55,321 INFO [main] org.eclipse.jetty.server.handler.ContextHandler - Stopped o.e.j.s.ServletContextHandler@3e3cd6fe{/,null,UNAVAILABLE}
2016-04-16T18:59:55,323 INFO [main] com.metamx.common.lifecycle.Lifecycle$AnnotationBasedHandler - Invoking stop method[public void io.druid.indexing.worker.executor.ExecutorLifecycle.stop() throws java.lang.Exception] on object[io.druid.indexing.worker.executor.ExecutorLifecycle@4f89331f].
2016-04-16T18:59:55,323 INFO [main] com.metamx.common.lifecycle.Lifecycle$AnnotationBasedHandler - Invoking stop method[public void io.druid.indexing.overlord.ThreadPoolTaskRunner.stop()] on object[io.druid.indexing.overlord.ThreadPoolTaskRunner@7e15f4d4].
2016-04-16T18:59:55,324 INFO [main] com.metamx.common.lifecycle.Lifecycle$AnnotationBasedHandler - Invoking stop method[public void io.druid.curator.discovery.ServerDiscoverySelector.stop() throws java.io.IOException] on object[io.druid.curator.discovery.ServerDiscoverySelector@2cae9b8].
2016-04-16T18:59:55,328 INFO [main] com.metamx.common.lifecycle.Lifecycle$AnnotationBasedHandler - Invoking stop method[public void io.druid.curator.announcement.Announcer.stop()] on object[io.druid.curator.announcement.Announcer@50fb33a].
2016-04-16T18:59:55,329 INFO [main] com.metamx.common.lifecycle.Lifecycle$AnnotationBasedHandler - Invoking stop method[public void io.druid.curator.discovery.ServerDiscoverySelector.stop() throws java.io.IOException] on object[io.druid.curator.discovery.ServerDiscoverySelector@1b1f5012].
2016-04-16T18:59:55,329 INFO [main] io.druid.curator.CuratorModule - Stopping Curator
2016-04-16T18:59:55,334 INFO [main] org.apache.zookeeper.ZooKeeper - Session: 0x1542065dffc0006 closed
2016-04-16T18:59:55,335 INFO [main-EventThread] org.apache.zookeeper.ClientCnxn - EventThread shut down
2016-04-16T18:59:55,335 INFO [main] com.metamx.common.lifecycle.Lifecycle$AnnotationBasedHandler - Invoking stop method[public void com.metamx.http.client.NettyHttpClient.stop()] on object[com.metamx.http.client.NettyHttpClient@673919a7].
2016-04-16T18:59:55,354 INFO [main] com.metamx.common.lifecycle.Lifecycle$AnnotationBasedHandler - Invoking stop method[public void io.druid.server.namespace.NamespacedExtractionModule$NamespaceStaticConfiguration.stop()] on object[io.druid.server.namespace.NamespacedExtractionModule$NamespaceStaticConfiguration@7899de11].
2016-04-16T18:59:55,355 INFO [main] com.metamx.common.lifecycle.Lifecycle$AnnotationBasedHandler - Invoking stop method[public void com.metamx.metrics.MonitorScheduler.stop()] on object[com.metamx.metrics.MonitorScheduler@fd9ebde].
2016-04-16T18:59:55,355 INFO [main] com.metamx.common.lifecycle.Lifecycle$AnnotationBasedHandler - Invoking stop method[public void com.metamx.emitter.service.ServiceEmitter.close() throws java.io.IOException] on object[com.metamx.emitter.service.ServiceEmitter@1e0895f5].
2016-04-16T18:59:55,355 INFO [main] com.metamx.emitter.core.LoggingEmitter - Close: started [false]
2016-04-16T18:59:55,355 INFO [main] com.metamx.common.lifecycle.Lifecycle$AnnotationBasedHandler - Invoking stop method[public void io.druid.initialization.Log4jShutterDownerModule$Log4jShutterDowner.stop()] on object[io.druid.initialization.Log4jShutterDownerModule$Log4jShutterDowner@60cf62ad].
